2017-12-15 16:00:22,728 - ResourceManager : found om/java/cbean/BsConditionQuery.vm with loader org.apache.velocity.runtime.resource.loader.FileResourceLoader
2017-12-15 16:00:22,728 - RHS of #set statement is null. Context will not be modified. om/java/cbean/BsConditionQuery.vm[line 104, column 1]
2017-12-15 16:00:22,736 - ResourceManager : found om/java/cbean/NestSelectSetupper.vm with loader org.apache.velocity.runtime.resource.loader.FileResourceLoader
2017-12-15 16:00:23,699 - 
2017-12-15 16:00:23,699 - DfFlutistLog4JLogSystem initialized using logfile './log/velocity.log'
2017-12-15 16:00:23,699 - Initializing Velocity, Calling init()...
2017-12-15 16:00:23,699 - *******************************************************************
2017-12-15 16:00:23,699 - Starting Apache Velocity v1.7 (compiled: 2010-11-19 12:14:37)
2017-12-15 16:00:23,699 - RuntimeInstance initializing.
2017-12-15 16:00:23,699 - Default Properties File: org/apache/velocity/runtime/defaults/velocity.properties
2017-12-15 16:00:23,699 - Trying to use logger class org.dbflute.friends.velocity.DfFlutistLog4JLogSystem
2017-12-15 16:00:23,699 - Using logger class org.dbflute.friends.velocity.DfFlutistLog4JLogSystem
2017-12-15 16:00:23,700 - Default ResourceManager initializing. (class org.apache.velocity.runtime.resource.ResourceManagerImpl)
2017-12-15 16:00:23,702 - ResourceLoader instantiated: org.apache.velocity.runtime.resource.loader.FileResourceLoader
2017-12-15 16:00:23,702 - FileResourceLoader : initialization starting.
2017-12-15 16:00:23,702 - Do unicode file recognition:  false
2017-12-15 16:00:23,702 - FileResourceLoader : adding path '/Users/h-orito/ort/wolf/workspace/werewolf-mansion/mydbflute/dbflute-1.1.4/templates'
2017-12-15 16:00:23,703 - FileResourceLoader : initialization complete.
2017-12-15 16:00:23,708 - ResourceCache: initialized (class org.apache.velocity.runtime.resource.ResourceCacheImpl) with class java.util.Collections$SynchronizedMap cache map.
2017-12-15 16:00:23,708 - Default ResourceManager initialization complete.
2017-12-15 16:00:23,709 - Loaded System Directive: org.apache.velocity.runtime.directive.Stop
2017-12-15 16:00:23,710 - Loaded System Directive: org.apache.velocity.runtime.directive.Define
2017-12-15 16:00:23,710 - Loaded System Directive: org.apache.velocity.runtime.directive.Break
2017-12-15 16:00:23,711 - Loaded System Directive: org.apache.velocity.runtime.directive.Evaluate
2017-12-15 16:00:23,711 - Loaded System Directive: org.apache.velocity.runtime.directive.Literal
2017-12-15 16:00:23,712 - Loaded System Directive: org.apache.velocity.runtime.directive.Macro
2017-12-15 16:00:23,713 - Loaded System Directive: org.apache.velocity.runtime.directive.Parse
2017-12-15 16:00:23,714 - Loaded System Directive: org.apache.velocity.runtime.directive.Include
2017-12-15 16:00:23,715 - Loaded System Directive: org.apache.velocity.runtime.directive.Foreach
2017-12-15 16:00:23,734 - Created '20' parsers.
2017-12-15 16:00:23,739 - Velocimacro : initialization starting.
2017-12-15 16:00:23,739 - Velocimacro : "velocimacro.library" is not set.  Trying default library: VM_global_library.vm
2017-12-15 16:00:23,739 - Velocimacro : Default library not found.
2017-12-15 16:00:23,739 - Velocimacro : allowInline = true : VMs can be defined inline in templates
2017-12-15 16:00:23,739 - Velocimacro : allowInlineToOverride = false : VMs defined inline may NOT replace previous VM definitions
2017-12-15 16:00:23,739 - Velocimacro : allowInlineLocal = false : VMs defined inline will be global in scope if allowed.
2017-12-15 16:00:23,739 - Velocimacro : autoload off : VM system will not automatically reload global library macros
2017-12-15 16:00:23,739 - Velocimacro : Velocimacro : initialization complete.
2017-12-15 16:00:23,739 - RuntimeInstance successfully initialized.
2017-12-15 16:00:23,776 - ResourceManager : found om/ControlSql2EntityJava.vm with loader org.apache.velocity.runtime.resource.loader.FileResourceLoader
2017-12-15 16:06:42,628 - 
2017-12-15 16:06:42,629 - DfFlutistLog4JLogSystem initialized using logfile './log/velocity.log'
2017-12-15 16:06:42,629 - Initializing Velocity, Calling init()...
2017-12-15 16:06:42,629 - *******************************************************************
2017-12-15 16:06:42,629 - Starting Apache Velocity v1.7 (compiled: 2010-11-19 12:14:37)
2017-12-15 16:06:42,629 - RuntimeInstance initializing.
2017-12-15 16:06:42,629 - Default Properties File: org/apache/velocity/runtime/defaults/velocity.properties
2017-12-15 16:06:42,629 - Trying to use logger class org.dbflute.friends.velocity.DfFlutistLog4JLogSystem
2017-12-15 16:06:42,629 - Using logger class org.dbflute.friends.velocity.DfFlutistLog4JLogSystem
2017-12-15 16:06:42,631 - Default ResourceManager initializing. (class org.apache.velocity.runtime.resource.ResourceManagerImpl)
2017-12-15 16:06:42,633 - ResourceLoader instantiated: org.apache.velocity.runtime.resource.loader.FileResourceLoader
2017-12-15 16:06:42,633 - FileResourceLoader : initialization starting.
2017-12-15 16:06:42,633 - Do unicode file recognition:  false
2017-12-15 16:06:42,633 - FileResourceLoader : adding path '/Users/h-orito/ort/wolf/workspace/werewolf-mansion/mydbflute/dbflute-1.1.4/templates'
2017-12-15 16:06:42,633 - FileResourceLoader : initialization complete.
2017-12-15 16:06:42,642 - ResourceCache: initialized (class org.apache.velocity.runtime.resource.ResourceCacheImpl) with class java.util.Collections$SynchronizedMap cache map.
2017-12-15 16:06:42,642 - Default ResourceManager initialization complete.
2017-12-15 16:06:42,643 - Loaded System Directive: org.apache.velocity.runtime.directive.Stop
2017-12-15 16:06:42,644 - Loaded System Directive: org.apache.velocity.runtime.directive.Define
2017-12-15 16:06:42,645 - Loaded System Directive: org.apache.velocity.runtime.directive.Break
2017-12-15 16:06:42,645 - Loaded System Directive: org.apache.velocity.runtime.directive.Evaluate
2017-12-15 16:06:42,646 - Loaded System Directive: org.apache.velocity.runtime.directive.Literal
2017-12-15 16:06:42,648 - Loaded System Directive: org.apache.velocity.runtime.directive.Macro
2017-12-15 16:06:42,650 - Loaded System Directive: org.apache.velocity.runtime.directive.Parse
2017-12-15 16:06:42,651 - Loaded System Directive: org.apache.velocity.runtime.directive.Include
2017-12-15 16:06:42,652 - Loaded System Directive: org.apache.velocity.runtime.directive.Foreach
2017-12-15 16:06:42,683 - Created '20' parsers.
2017-12-15 16:06:42,686 - Velocimacro : initialization starting.
2017-12-15 16:06:42,686 - Velocimacro : "velocimacro.library" is not set.  Trying default library: VM_global_library.vm
2017-12-15 16:06:42,686 - Velocimacro : Default library not found.
2017-12-15 16:06:42,686 - Velocimacro : allowInline = true : VMs can be defined inline in templates
2017-12-15 16:06:42,687 - Velocimacro : allowInlineToOverride = false : VMs defined inline may NOT replace previous VM definitions
2017-12-15 16:06:42,687 - Velocimacro : allowInlineLocal = false : VMs defined inline will be global in scope if allowed.
2017-12-15 16:06:42,687 - Velocimacro : autoload off : VM system will not automatically reload global library macros
2017-12-15 16:06:42,687 - Velocimacro : Velocimacro : initialization complete.
2017-12-15 16:06:42,687 - RuntimeInstance successfully initialized.
2017-12-15 16:06:42,707 - ResourceManager : found doc/ControlDocument.vm with loader org.apache.velocity.runtime.resource.loader.FileResourceLoader
2017-12-15 16:06:42,980 - ResourceManager : found doc/html/datamodel.vm with loader org.apache.velocity.runtime.resource.loader.FileResourceLoader
2017-12-15 16:06:43,017 - ResourceManager : found doc/html/table.vm with loader org.apache.velocity.runtime.resource.loader.FileResourceLoader
2017-12-15 16:06:43,036 - ResourceManager : found doc/html/table.vm with loader org.apache.velocity.runtime.resource.loader.FileResourceLoader
2017-12-15 16:06:43,044 - ResourceManager : found doc/html/table.vm with loader org.apache.velocity.runtime.resource.loader.FileResourceLoader
2017-12-15 16:06:43,052 - ResourceManager : found doc/html/table.vm with loader org.apache.velocity.runtime.resource.loader.FileResourceLoader
2017-12-15 16:06:43,055 - ResourceManager : found doc/html/table.vm with loader org.apache.velocity.runtime.resource.loader.FileResourceLoader
2017-12-15 16:06:43,075 - ResourceManager : found doc/html/table.vm with loader org.apache.velocity.runtime.resource.loader.FileResourceLoader
2017-12-15 16:06:43,079 - ResourceManager : found doc/html/table.vm with loader org.apache.velocity.runtime.resource.loader.FileResourceLoader
2017-12-15 16:06:43,089 - ResourceManager : found doc/html/table.vm with loader org.apache.velocity.runtime.resource.loader.FileResourceLoader
2017-12-15 16:06:43,094 - ResourceManager : found doc/html/table.vm with loader org.apache.velocity.runtime.resource.loader.FileResourceLoader
2017-12-15 16:06:43,107 - ResourceManager : found doc/html/diffmodel.vm with loader org.apache.velocity.runtime.resource.loader.FileResourceLoader
2017-12-15 16:06:45,017 - 
2017-12-15 16:06:45,017 - DfFlutistLog4JLogSystem initialized using logfile './log/velocity.log'
2017-12-15 16:06:45,017 - Initializing Velocity, Calling init()...
2017-12-15 16:06:45,017 - *******************************************************************
2017-12-15 16:06:45,017 - Starting Apache Velocity v1.7 (compiled: 2010-11-19 12:14:37)
2017-12-15 16:06:45,017 - RuntimeInstance initializing.
2017-12-15 16:06:45,017 - Default Properties File: org/apache/velocity/runtime/defaults/velocity.properties
2017-12-15 16:06:45,017 - Trying to use logger class org.dbflute.friends.velocity.DfFlutistLog4JLogSystem
2017-12-15 16:06:45,017 - Using logger class org.dbflute.friends.velocity.DfFlutistLog4JLogSystem
2017-12-15 16:06:45,019 - Default ResourceManager initializing. (class org.apache.velocity.runtime.resource.ResourceManagerImpl)
2017-12-15 16:06:45,022 - ResourceLoader instantiated: org.apache.velocity.runtime.resource.loader.FileResourceLoader
2017-12-15 16:06:45,022 - FileResourceLoader : initialization starting.
2017-12-15 16:06:45,022 - Do unicode file recognition:  false
2017-12-15 16:06:45,023 - FileResourceLoader : adding path '/Users/h-orito/ort/wolf/workspace/werewolf-mansion/mydbflute/dbflute-1.1.4/templates'
2017-12-15 16:06:45,023 - FileResourceLoader : initialization complete.
2017-12-15 16:06:45,030 - ResourceCache: initialized (class org.apache.velocity.runtime.resource.ResourceCacheImpl) with class java.util.Collections$SynchronizedMap cache map.
2017-12-15 16:06:45,031 - Default ResourceManager initialization complete.
2017-12-15 16:06:45,032 - Loaded System Directive: org.apache.velocity.runtime.directive.Stop
2017-12-15 16:06:45,032 - Loaded System Directive: org.apache.velocity.runtime.directive.Define
2017-12-15 16:06:45,033 - Loaded System Directive: org.apache.velocity.runtime.directive.Break
2017-12-15 16:06:45,034 - Loaded System Directive: org.apache.velocity.runtime.directive.Evaluate
2017-12-15 16:06:45,034 - Loaded System Directive: org.apache.velocity.runtime.directive.Literal
2017-12-15 16:06:45,035 - Loaded System Directive: org.apache.velocity.runtime.directive.Macro
2017-12-15 16:06:45,036 - Loaded System Directive: org.apache.velocity.runtime.directive.Parse
2017-12-15 16:06:45,037 - Loaded System Directive: org.apache.velocity.runtime.directive.Include
2017-12-15 16:06:45,038 - Loaded System Directive: org.apache.velocity.runtime.directive.Foreach
2017-12-15 16:06:45,065 - Created '20' parsers.
2017-12-15 16:06:45,069 - Velocimacro : initialization starting.
2017-12-15 16:06:45,070 - Velocimacro : "velocimacro.library" is not set.  Trying default library: VM_global_library.vm
2017-12-15 16:06:45,070 - Velocimacro : Default library not found.
2017-12-15 16:06:45,070 - Velocimacro : allowInline = true : VMs can be defined inline in templates
2017-12-15 16:06:45,070 - Velocimacro : allowInlineToOverride = false : VMs defined inline may NOT replace previous VM definitions
2017-12-15 16:06:45,070 - Velocimacro : allowInlineLocal = false : VMs defined inline will be global in scope if allowed.
2017-12-15 16:06:45,070 - Velocimacro : autoload off : VM system will not automatically reload global library macros
2017-12-15 16:06:45,070 - Velocimacro : Velocimacro : initialization complete.
2017-12-15 16:06:45,070 - RuntimeInstance successfully initialized.
2017-12-15 16:06:45,156 - ResourceManager : found om/ControlGenerateJava.vm with loader org.apache.velocity.runtime.resource.loader.FileResourceLoader
2017-12-15 16:06:45,436 - ResourceManager : found om/java/allcommon/CDef.vm with loader org.apache.velocity.runtime.resource.loader.FileResourceLoader
2017-12-15 16:06:45,465 - ResourceManager : found om/java/allcommon/DBCurrent.vm with loader org.apache.velocity.runtime.resource.loader.FileResourceLoader
2017-12-15 16:06:45,483 - ResourceManager : found om/java/allcommon/DBFluteConfig.vm with loader org.apache.velocity.runtime.resource.loader.FileResourceLoader
2017-12-15 16:06:45,494 - Null reference [template 'om/java/allcommon/DBFluteConfig.vm', line 1144, column 59] : $PoolGuardConnectionWrapper cannot be resolved.
2017-12-15 16:06:45,505 - ResourceManager : found om/java/allcommon/DBFluteInitializer.vm with loader org.apache.velocity.runtime.resource.loader.FileResourceLoader
2017-12-15 16:06:45,510 - ResourceManager : found om/java/allcommon/DBMetaInstanceHandler.vm with loader org.apache.velocity.runtime.resource.loader.FileResourceLoader
2017-12-15 16:06:45,520 - ResourceManager : found om/java/allcommon/EntityDefinedCommonColumn.vm with loader org.apache.velocity.runtime.resource.loader.FileResourceLoader
2017-12-15 16:06:45,536 - ResourceManager : found om/java/allcommon/ImplementedBehaviorSelector.vm with loader org.apache.velocity.runtime.resource.loader.FileResourceLoader
2017-12-15 16:06:45,539 - ResourceManager : found om/java/allcommon/ImplementedCommonColumnAutoSetupper.vm with loader org.apache.velocity.runtime.resource.loader.FileResourceLoader
2017-12-15 16:06:45,553 - ResourceManager : found om/java/allcommon/ImplementedInvokerAssistant.vm with loader org.apache.velocity.runtime.resource.loader.FileResourceLoader
2017-12-15 16:06:45,559 - ResourceManager : found om/java/allcommon/ImplementedSqlClauseCreator.vm with loader org.apache.velocity.runtime.resource.loader.FileResourceLoader
2017-12-15 16:06:45,565 - ResourceManager : found om/java/allcommon/container/spring/SpringDBFluteBeansJavaConfig.vm with loader org.apache.velocity.runtime.resource.loader.FileResourceLoader
2017-12-15 16:06:45,597 - Null reference [template 'om/ControlGenerateJava.vm', line 293, column 38] : ${glPackageExtendedDao} cannot be resolved.
2017-12-15 16:06:45,597 - Null reference [template 'om/ControlGenerateJava.vm', line 296, column 34] : ${glPackageBaseDao} cannot be resolved.
2017-12-15 16:06:45,619 - ResourceManager : found om/java/bsbhv/BaseBhv.vm with loader org.apache.velocity.runtime.resource.loader.FileResourceLoader
2017-12-15 16:06:45,651 - ResourceManager : found om/java/bsbhv/ReferrerLoader.vm with loader org.apache.velocity.runtime.resource.loader.FileResourceLoader
2017-12-15 16:06:45,668 - ResourceManager : found om/java/bsentity/BaseEntity.vm with loader org.apache.velocity.runtime.resource.loader.FileResourceLoader
2017-12-15 16:06:45,682 - ResourceManager : found om/java/bsentity/dbmeta/DBMetaImpl.vm with loader org.apache.velocity.runtime.resource.loader.FileResourceLoader
2017-12-15 16:06:45,697 - ResourceManager : found om/java/cbean/BsConditionBean.vm with loader org.apache.velocity.runtime.resource.loader.FileResourceLoader
2017-12-15 16:06:45,699 - Null reference [template 'om/java/cbean/BsConditionBean.vm', line 670, column 61] : ${relationMethodIdentityName} cannot be resolved.
2017-12-15 16:06:45,718 - ResourceManager : found om/java/cbean/AbstractBsConditionQuery.vm with loader org.apache.velocity.runtime.resource.loader.FileResourceLoader
2017-12-15 16:06:45,719 - RHS of #set statement is null. Context will not be modified. om/java/cbean/AbstractBsConditionQuery.vm[line 70, column 1]
2017-12-15 16:06:45,727 - RHS of #set statement is null. Context will not be modified. om/java/cbean/AbstractBsConditionQuery.vm[line 70, column 1]
2017-12-15 16:06:45,734 - ResourceManager : found om/java/cbean/BsConditionInlineQuery.vm with loader org.apache.velocity.runtime.resource.loader.FileResourceLoader
2017-12-15 16:06:45,734 - RHS of #set statement is null. Context will not be modified. om/java/cbean/BsConditionInlineQuery.vm[line 84, column 1]
2017-12-15 16:06:45,735 - RHS of #set statement is null. Context will not be modified. om/java/cbean/BsConditionInlineQuery.vm[line 84, column 1]
2017-12-15 16:06:45,745 - ResourceManager : found om/java/cbean/BsConditionQuery.vm with loader org.apache.velocity.runtime.resource.loader.FileResourceLoader
2017-12-15 16:06:45,746 - RHS of #set statement is null. Context will not be modified. om/java/cbean/BsConditionQuery.vm[line 104, column 1]
2017-12-15 16:06:45,747 - RHS of #set statement is null. Context will not be modified. om/java/cbean/BsConditionQuery.vm[line 104, column 1]
2017-12-15 16:06:45,748 - Null reference [template 'om/ControlGenerateJava.vm', line 293, column 38] : ${glPackageExtendedDao} cannot be resolved.
2017-12-15 16:06:45,749 - Null reference [template 'om/ControlGenerateJava.vm', line 296, column 34] : ${glPackageBaseDao} cannot be resolved.
2017-12-15 16:06:45,757 - ResourceManager : found om/java/bsbhv/BaseBhv.vm with loader org.apache.velocity.runtime.resource.loader.FileResourceLoader
2017-12-15 16:06:45,770 - ResourceManager : found om/java/bsbhv/ReferrerLoader.vm with loader org.apache.velocity.runtime.resource.loader.FileResourceLoader
2017-12-15 16:06:45,776 - ResourceManager : found om/java/bsentity/BaseEntity.vm with loader org.apache.velocity.runtime.resource.loader.FileResourceLoader
2017-12-15 16:06:45,792 - ResourceManager : found om/java/bsentity/dbmeta/DBMetaImpl.vm with loader org.apache.velocity.runtime.resource.loader.FileResourceLoader
2017-12-15 16:06:45,805 - ResourceManager : found om/java/cbean/BsConditionBean.vm with loader org.apache.velocity.runtime.resource.loader.FileResourceLoader
2017-12-15 16:06:45,811 - Null reference [template 'om/java/cbean/BsConditionBean.vm', line 670, column 61] : ${relationMethodIdentityName} cannot be resolved.
2017-12-15 16:06:45,825 - ResourceManager : found om/java/cbean/AbstractBsConditionQuery.vm with loader org.apache.velocity.runtime.resource.loader.FileResourceLoader
2017-12-15 16:06:45,825 - RHS of #set statement is null. Context will not be modified. om/java/cbean/AbstractBsConditionQuery.vm[line 70, column 1]
2017-12-15 16:06:45,833 - RHS of #set statement is null. Context will not be modified. om/java/cbean/AbstractBsConditionQuery.vm[line 70, column 1]
2017-12-15 16:06:45,836 - RHS of #set statement is null. Context will not be modified. om/java/cbean/AbstractBsConditionQuery.vm[line 70, column 1]
2017-12-15 16:06:45,843 - ResourceManager : found om/java/cbean/BsConditionInlineQuery.vm with loader org.apache.velocity.runtime.resource.loader.FileResourceLoader
2017-12-15 16:06:45,843 - RHS of #set statement is null. Context will not be modified. om/java/cbean/BsConditionInlineQuery.vm[line 84, column 1]
2017-12-15 16:06:45,844 - RHS of #set statement is null. Context will not be modified. om/java/cbean/BsConditionInlineQuery.vm[line 84, column 1]
2017-12-15 16:06:45,845 - RHS of #set statement is null. Context will not be modified. om/java/cbean/BsConditionInlineQuery.vm[line 84, column 1]
2017-12-15 16:06:45,856 - ResourceManager : found om/java/cbean/BsConditionQuery.vm with loader org.apache.velocity.runtime.resource.loader.FileResourceLoader
2017-12-15 16:06:45,856 - RHS of #set statement is null. Context will not be modified. om/java/cbean/BsConditionQuery.vm[line 104, column 1]
2017-12-15 16:06:45,858 - RHS of #set statement is null. Context will not be modified. om/java/cbean/BsConditionQuery.vm[line 104, column 1]
2017-12-15 16:06:45,859 - RHS of #set statement is null. Context will not be modified. om/java/cbean/BsConditionQuery.vm[line 104, column 1]
2017-12-15 16:06:45,862 - ResourceManager : found om/java/cbean/NestSelectSetupper.vm with loader org.apache.velocity.runtime.resource.loader.FileResourceLoader
2017-12-15 16:06:45,865 - Null reference [template 'om/ControlGenerateJava.vm', line 293, column 38] : ${glPackageExtendedDao} cannot be resolved.
2017-12-15 16:06:45,865 - Null reference [template 'om/ControlGenerateJava.vm', line 296, column 34] : ${glPackageBaseDao} cannot be resolved.
2017-12-15 16:06:45,875 - ResourceManager : found om/java/bsbhv/BaseBhv.vm with loader org.apache.velocity.runtime.resource.loader.FileResourceLoader
2017-12-15 16:06:45,889 - ResourceManager : found om/java/bsbhv/ReferrerLoader.vm with loader org.apache.velocity.runtime.resource.loader.FileResourceLoader
2017-12-15 16:06:45,895 - ResourceManager : found om/java/bsentity/BaseEntity.vm with loader org.apache.velocity.runtime.resource.loader.FileResourceLoader
2017-12-15 16:06:45,917 - ResourceManager : found om/java/bsentity/dbmeta/DBMetaImpl.vm with loader org.apache.velocity.runtime.resource.loader.FileResourceLoader
2017-12-15 16:06:45,930 - ResourceManager : found om/java/cbean/BsConditionBean.vm with loader org.apache.velocity.runtime.resource.loader.FileResourceLoader
2017-12-15 16:06:45,933 - Null reference [template 'om/java/cbean/BsConditionBean.vm', line 670, column 61] : ${relationMethodIdentityName} cannot be resolved.
2017-12-15 16:06:45,944 - ResourceManager : found om/java/cbean/AbstractBsConditionQuery.vm with loader org.apache.velocity.runtime.resource.loader.FileResourceLoader
2017-12-15 16:06:45,944 - RHS of #set statement is null. Context will not be modified. om/java/cbean/AbstractBsConditionQuery.vm[line 70, column 1]
2017-12-15 16:06:45,949 - RHS of #set statement is null. Context will not be modified. om/java/cbean/AbstractBsConditionQuery.vm[line 70, column 1]
2017-12-15 16:06:45,956 - ResourceManager : found om/java/cbean/BsConditionInlineQuery.vm with loader org.apache.velocity.runtime.resource.loader.FileResourceLoader
2017-12-15 16:06:45,956 - RHS of #set statement is null. Context will not be modified. om/java/cbean/BsConditionInlineQuery.vm[line 84, column 1]
2017-12-15 16:06:45,957 - RHS of #set statement is null. Context will not be modified. om/java/cbean/BsConditionInlineQuery.vm[line 84, column 1]
2017-12-15 16:06:45,966 - ResourceManager : found om/java/cbean/BsConditionQuery.vm with loader org.apache.velocity.runtime.resource.loader.FileResourceLoader
2017-12-15 16:06:45,966 - RHS of #set statement is null. Context will not be modified. om/java/cbean/BsConditionQuery.vm[line 104, column 1]
2017-12-15 16:06:45,968 - RHS of #set statement is null. Context will not be modified. om/java/cbean/BsConditionQuery.vm[line 104, column 1]
2017-12-15 16:06:45,980 - ResourceManager : found om/java/cbean/NestSelectSetupper.vm with loader org.apache.velocity.runtime.resource.loader.FileResourceLoader
2017-12-15 16:06:45,982 - Null reference [template 'om/ControlGenerateJava.vm', line 293, column 38] : ${glPackageExtendedDao} cannot be resolved.
2017-12-15 16:06:45,982 - Null reference [template 'om/ControlGenerateJava.vm', line 296, column 34] : ${glPackageBaseDao} cannot be resolved.
2017-12-15 16:06:45,988 - ResourceManager : found om/java/bsbhv/BaseBhv.vm with loader org.apache.velocity.runtime.resource.loader.FileResourceLoader
2017-12-15 16:06:46,000 - ResourceManager : found om/java/bsbhv/ReferrerLoader.vm with loader org.apache.velocity.runtime.resource.loader.FileResourceLoader
2017-12-15 16:06:46,006 - ResourceManager : found om/java/bsentity/BaseEntity.vm with loader org.apache.velocity.runtime.resource.loader.FileResourceLoader
2017-12-15 16:06:46,012 - ResourceManager : found om/java/bsentity/dbmeta/DBMetaImpl.vm with loader org.apache.velocity.runtime.resource.loader.FileResourceLoader
2017-12-15 16:06:46,019 - ResourceManager : found om/java/cbean/BsConditionBean.vm with loader org.apache.velocity.runtime.resource.loader.FileResourceLoader
2017-12-15 16:06:46,021 - Null reference [template 'om/java/cbean/BsConditionBean.vm', line 670, column 61] : ${relationMethodIdentityName} cannot be resolved.
2017-12-15 16:06:46,037 - ResourceManager : found om/java/cbean/AbstractBsConditionQuery.vm with loader org.apache.velocity.runtime.resource.loader.FileResourceLoader
2017-12-15 16:06:46,037 - RHS of #set statement is null. Context will not be modified. om/java/cbean/AbstractBsConditionQuery.vm[line 70, column 1]
2017-12-15 16:06:46,044 - RHS of #set statement is null. Context will not be modified. om/java/cbean/AbstractBsConditionQuery.vm[line 70, column 1]
2017-12-15 16:06:46,051 - ResourceManager : found om/java/cbean/BsConditionInlineQuery.vm with loader org.apache.velocity.runtime.resource.loader.FileResourceLoader
2017-12-15 16:06:46,052 - RHS of #set statement is null. Context will not be modified. om/java/cbean/BsConditionInlineQuery.vm[line 84, column 1]
2017-12-15 16:06:46,053 - RHS of #set statement is null. Context will not be modified. om/java/cbean/BsConditionInlineQuery.vm[line 84, column 1]
2017-12-15 16:06:46,057 - ResourceManager : found om/java/cbean/BsConditionQuery.vm with loader org.apache.velocity.runtime.resource.loader.FileResourceLoader
2017-12-15 16:06:46,058 - RHS of #set statement is null. Context will not be modified. om/java/cbean/BsConditionQuery.vm[line 104, column 1]
2017-12-15 16:06:46,059 - RHS of #set statement is null. Context will not be modified. om/java/cbean/BsConditionQuery.vm[line 104, column 1]
2017-12-15 16:06:46,062 - Null reference [template 'om/ControlGenerateJava.vm', line 293, column 38] : ${glPackageExtendedDao} cannot be resolved.
2017-12-15 16:06:46,062 - Null reference [template 'om/ControlGenerateJava.vm', line 296, column 34] : ${glPackageBaseDao} cannot be resolved.
2017-12-15 16:06:46,067 - ResourceManager : found om/java/bsbhv/BaseBhv.vm with loader org.apache.velocity.runtime.resource.loader.FileResourceLoader
2017-12-15 16:06:46,080 - ResourceManager : found om/java/bsbhv/ReferrerLoader.vm with loader org.apache.velocity.runtime.resource.loader.FileResourceLoader
2017-12-15 16:06:46,088 - ResourceManager : found om/java/bsentity/BaseEntity.vm with loader org.apache.velocity.runtime.resource.loader.FileResourceLoader
2017-12-15 16:06:46,127 - ResourceManager : found om/java/bsentity/dbmeta/DBMetaImpl.vm with loader org.apache.velocity.runtime.resource.loader.FileResourceLoader
2017-12-15 16:06:46,154 - ResourceManager : found om/java/cbean/BsConditionBean.vm with loader org.apache.velocity.runtime.resource.loader.FileResourceLoader
2017-12-15 16:06:46,174 - ResourceManager : found om/java/cbean/AbstractBsConditionQuery.vm with loader org.apache.velocity.runtime.resource.loader.FileResourceLoader
2017-12-15 16:06:46,175 - RHS of #set statement is null. Context will not be modified. om/java/cbean/AbstractBsConditionQuery.vm[line 70, column 1]
2017-12-15 16:06:46,179 - RHS of #set statement is null. Context will not be modified. om/java/cbean/AbstractBsConditionQuery.vm[line 70, column 1]
2017-12-15 16:06:46,181 - RHS of #set statement is null. Context will not be modified. om/java/cbean/AbstractBsConditionQuery.vm[line 70, column 1]
2017-12-15 16:06:46,182 - RHS of #set statement is null. Context will not be modified. om/java/cbean/AbstractBsConditionQuery.vm[line 70, column 1]
2017-12-15 16:06:46,184 - RHS of #set statement is null. Context will not be modified. om/java/cbean/AbstractBsConditionQuery.vm[line 70, column 1]
2017-12-15 16:06:46,185 - RHS of #set statement is null. Context will not be modified. om/java/cbean/AbstractBsConditionQuery.vm[line 70, column 1]
2017-12-15 16:06:46,185 - RHS of #set statement is null. Context will not be modified. om/java/cbean/AbstractBsConditionQuery.vm[line 70, column 1]
2017-12-15 16:06:46,187 - RHS of #set statement is null. Context will not be modified. om/java/cbean/AbstractBsConditionQuery.vm[line 70, column 1]
2017-12-15 16:06:46,188 - RHS of #set statement is null. Context will not be modified. om/java/cbean/AbstractBsConditionQuery.vm[line 70, column 1]
2017-12-15 16:06:46,192 - ResourceManager : found om/java/cbean/BsConditionInlineQuery.vm with loader org.apache.velocity.runtime.resource.loader.FileResourceLoader
2017-12-15 16:06:46,193 - RHS of #set statement is null. Context will not be modified. om/java/cbean/BsConditionInlineQuery.vm[line 84, column 1]
2017-12-15 16:06:46,193 - RHS of #set statement is null. Context will not be modified. om/java/cbean/BsConditionInlineQuery.vm[line 84, column 1]
2017-12-15 16:06:46,193 - RHS of #set statement is null. Context will not be modified. om/java/cbean/BsConditionInlineQuery.vm[line 84, column 1]
2017-12-15 16:06:46,193 - RHS of #set statement is null. Context will not be modified. om/java/cbean/BsConditionInlineQuery.vm[line 84, column 1]
2017-12-15 16:06:46,194 - RHS of #set statement is null. Context will not be modified. om/java/cbean/BsConditionInlineQuery.vm[line 84, column 1]
2017-12-15 16:06:46,194 - RHS of #set statement is null. Context will not be modified. om/java/cbean/BsConditionInlineQuery.vm[line 84, column 1]
2017-12-15 16:06:46,194 - RHS of #set statement is null. Context will not be modified. om/java/cbean/BsConditionInlineQuery.vm[line 84, column 1]
2017-12-15 16:06:46,194 - RHS of #set statement is null. Context will not be modified. om/java/cbean/BsConditionInlineQuery.vm[line 84, column 1]
2017-12-15 16:06:46,194 - RHS of #set statement is null. Context will not be modified. om/java/cbean/BsConditionInlineQuery.vm[line 84, column 1]
2017-12-15 16:06:46,199 - ResourceManager : found om/java/cbean/BsConditionQuery.vm with loader org.apache.velocity.runtime.resource.loader.FileResourceLoader
2017-12-15 16:06:46,199 - RHS of #set statement is null. Context will not be modified. om/java/cbean/BsConditionQuery.vm[line 104, column 1]
2017-12-15 16:06:46,201 - RHS of #set statement is null. Context will not be modified. om/java/cbean/BsConditionQuery.vm[line 104, column 1]
2017-12-15 16:06:46,201 - RHS of #set statement is null. Context will not be modified. om/java/cbean/BsConditionQuery.vm[line 104, column 1]
2017-12-15 16:06:46,201 - RHS of #set statement is null. Context will not be modified. om/java/cbean/BsConditionQuery.vm[line 104, column 1]
2017-12-15 16:06:46,201 - RHS of #set statement is null. Context will not be modified. om/java/cbean/BsConditionQuery.vm[line 104, column 1]
2017-12-15 16:06:46,201 - RHS of #set statement is null. Context will not be modified. om/java/cbean/BsConditionQuery.vm[line 104, column 1]
2017-12-15 16:06:46,201 - RHS of #set statement is null. Context will not be modified. om/java/cbean/BsConditionQuery.vm[line 104, column 1]
2017-12-15 16:06:46,201 - RHS of #set statement is null. Context will not be modified. om/java/cbean/BsConditionQuery.vm[line 104, column 1]
2017-12-15 16:06:46,201 - RHS of #set statement is null. Context will not be modified. om/java/cbean/BsConditionQuery.vm[line 104, column 1]
2017-12-15 16:06:46,214 - ResourceManager : found om/java/cbean/NestSelectSetupper.vm with loader org.apache.velocity.runtime.resource.loader.FileResourceLoader
2017-12-15 16:06:46,217 - Null reference [template 'om/ControlGenerateJava.vm', line 293, column 38] : ${glPackageExtendedDao} cannot be resolved.
2017-12-15 16:06:46,217 - Null reference [template 'om/ControlGenerateJava.vm', line 296, column 34] : ${glPackageBaseDao} cannot be resolved.
2017-12-15 16:06:46,225 - ResourceManager : found om/java/bsbhv/BaseBhv.vm with loader org.apache.velocity.runtime.resource.loader.FileResourceLoader
2017-12-15 16:06:46,237 - ResourceManager : found om/java/bsbhv/ReferrerLoader.vm with loader org.apache.velocity.runtime.resource.loader.FileResourceLoader
2017-12-15 16:06:46,241 - ResourceManager : found om/java/bsentity/BaseEntity.vm with loader org.apache.velocity.runtime.resource.loader.FileResourceLoader
2017-12-15 16:06:46,247 - ResourceManager : found om/java/bsentity/dbmeta/DBMetaImpl.vm with loader org.apache.velocity.runtime.resource.loader.FileResourceLoader
2017-12-15 16:06:46,254 - ResourceManager : found om/java/cbean/BsConditionBean.vm with loader org.apache.velocity.runtime.resource.loader.FileResourceLoader
2017-12-15 16:06:46,255 - Null reference [template 'om/java/cbean/BsConditionBean.vm', line 670, column 61] : ${relationMethodIdentityName} cannot be resolved.
2017-12-15 16:06:46,264 - ResourceManager : found om/java/cbean/AbstractBsConditionQuery.vm with loader org.apache.velocity.runtime.resource.loader.FileResourceLoader
2017-12-15 16:06:46,265 - RHS of #set statement is null. Context will not be modified. om/java/cbean/AbstractBsConditionQuery.vm[line 70, column 1]
2017-12-15 16:06:46,270 - RHS of #set statement is null. Context will not be modified. om/java/cbean/AbstractBsConditionQuery.vm[line 70, column 1]
2017-12-15 16:06:46,277 - ResourceManager : found om/java/cbean/BsConditionInlineQuery.vm with loader org.apache.velocity.runtime.resource.loader.FileResourceLoader
2017-12-15 16:06:46,278 - RHS of #set statement is null. Context will not be modified. om/java/cbean/BsConditionInlineQuery.vm[line 84, column 1]
2017-12-15 16:06:46,280 - RHS of #set statement is null. Context will not be modified. om/java/cbean/BsConditionInlineQuery.vm[line 84, column 1]
2017-12-15 16:06:46,286 - ResourceManager : found om/java/cbean/BsConditionQuery.vm with loader org.apache.velocity.runtime.resource.loader.FileResourceLoader
2017-12-15 16:06:46,286 - RHS of #set statement is null. Context will not be modified. om/java/cbean/BsConditionQuery.vm[line 104, column 1]
2017-12-15 16:06:46,288 - RHS of #set statement is null. Context will not be modified. om/java/cbean/BsConditionQuery.vm[line 104, column 1]
2017-12-15 16:06:46,290 - Null reference [template 'om/ControlGenerateJava.vm', line 293, column 38] : ${glPackageExtendedDao} cannot be resolved.
2017-12-15 16:06:46,290 - Null reference [template 'om/ControlGenerateJava.vm', line 296, column 34] : ${glPackageBaseDao} cannot be resolved.
2017-12-15 16:06:46,297 - ResourceManager : found om/java/bsbhv/BaseBhv.vm with loader org.apache.velocity.runtime.resource.loader.FileResourceLoader
2017-12-15 16:06:46,311 - ResourceManager : found om/java/bsbhv/ReferrerLoader.vm with loader org.apache.velocity.runtime.resource.loader.FileResourceLoader
2017-12-15 16:06:46,317 - ResourceManager : found om/java/bsentity/BaseEntity.vm with loader org.apache.velocity.runtime.resource.loader.FileResourceLoader
2017-12-15 16:06:46,335 - ResourceManager : found om/java/bsentity/dbmeta/DBMetaImpl.vm with loader org.apache.velocity.runtime.resource.loader.FileResourceLoader
2017-12-15 16:06:46,349 - ResourceManager : found om/java/cbean/BsConditionBean.vm with loader org.apache.velocity.runtime.resource.loader.FileResourceLoader
2017-12-15 16:06:46,353 - Null reference [template 'om/java/cbean/BsConditionBean.vm', line 670, column 61] : ${relationMethodIdentityName} cannot be resolved.
2017-12-15 16:06:46,354 - Null reference [template 'om/java/cbean/BsConditionBean.vm', line 670, column 61] : ${relationMethodIdentityName} cannot be resolved.
2017-12-15 16:06:46,363 - ResourceManager : found om/java/cbean/AbstractBsConditionQuery.vm with loader org.apache.velocity.runtime.resource.loader.FileResourceLoader
2017-12-15 16:06:46,364 - RHS of #set statement is null. Context will not be modified. om/java/cbean/AbstractBsConditionQuery.vm[line 70, column 1]
2017-12-15 16:06:46,372 - RHS of #set statement is null. Context will not be modified. om/java/cbean/AbstractBsConditionQuery.vm[line 70, column 1]
2017-12-15 16:06:46,374 - RHS of #set statement is null. Context will not be modified. om/java/cbean/AbstractBsConditionQuery.vm[line 70, column 1]
2017-12-15 16:06:46,377 - RHS of #set statement is null. Context will not be modified. om/java/cbean/AbstractBsConditionQuery.vm[line 70, column 1]
2017-12-15 16:06:46,378 - RHS of #set statement is null. Context will not be modified. om/java/cbean/AbstractBsConditionQuery.vm[line 70, column 1]
2017-12-15 16:06:46,380 - RHS of #set statement is null. Context will not be modified. om/java/cbean/AbstractBsConditionQuery.vm[line 70, column 1]
2017-12-15 16:06:46,381 - RHS of #set statement is null. Context will not be modified. om/java/cbean/AbstractBsConditionQuery.vm[line 70, column 1]
2017-12-15 16:06:46,386 - ResourceManager : found om/java/cbean/BsConditionInlineQuery.vm with loader org.apache.velocity.runtime.resource.loader.FileResourceLoader
2017-12-15 16:06:46,387 - RHS of #set statement is null. Context will not be modified. om/java/cbean/BsConditionInlineQuery.vm[line 84, column 1]
2017-12-15 16:06:46,390 - RHS of #set statement is null. Context will not be modified. om/java/cbean/BsConditionInlineQuery.vm[line 84, column 1]
2017-12-15 16:06:46,390 - RHS of #set statement is null. Context will not be modified. om/java/cbean/BsConditionInlineQuery.vm[line 84, column 1]
2017-12-15 16:06:46,390 - RHS of #set statement is null. Context will not be modified. om/java/cbean/BsConditionInlineQuery.vm[line 84, column 1]
2017-12-15 16:06:46,390 - RHS of #set statement is null. Context will not be modified. om/java/cbean/BsConditionInlineQuery.vm[line 84, column 1]
2017-12-15 16:06:46,390 - RHS of #set statement is null. Context will not be modified. om/java/cbean/BsConditionInlineQuery.vm[line 84, column 1]
2017-12-15 16:06:46,390 - RHS of #set statement is null. Context will not be modified. om/java/cbean/BsConditionInlineQuery.vm[line 84, column 1]
2017-12-15 16:06:46,396 - ResourceManager : found om/java/cbean/BsConditionQuery.vm with loader org.apache.velocity.runtime.resource.loader.FileResourceLoader
2017-12-15 16:06:46,396 - RHS of #set statement is null. Context will not be modified. om/java/cbean/BsConditionQuery.vm[line 104, column 1]
2017-12-15 16:06:46,402 - RHS of #set statement is null. Context will not be modified. om/java/cbean/BsConditionQuery.vm[line 104, column 1]
2017-12-15 16:06:46,402 - RHS of #set statement is null. Context will not be modified. om/java/cbean/BsConditionQuery.vm[line 104, column 1]
2017-12-15 16:06:46,403 - RHS of #set statement is null. Context will not be modified. om/java/cbean/BsConditionQuery.vm[line 104, column 1]
2017-12-15 16:06:46,403 - RHS of #set statement is null. Context will not be modified. om/java/cbean/BsConditionQuery.vm[line 104, column 1]
2017-12-15 16:06:46,403 - RHS of #set statement is null. Context will not be modified. om/java/cbean/BsConditionQuery.vm[line 104, column 1]
2017-12-15 16:06:46,403 - RHS of #set statement is null. Context will not be modified. om/java/cbean/BsConditionQuery.vm[line 104, column 1]
2017-12-15 16:06:46,406 - ResourceManager : found om/java/cbean/NestSelectSetupper.vm with loader org.apache.velocity.runtime.resource.loader.FileResourceLoader
2017-12-15 16:06:46,408 - Null reference [template 'om/ControlGenerateJava.vm', line 293, column 38] : ${glPackageExtendedDao} cannot be resolved.
2017-12-15 16:06:46,408 - Null reference [template 'om/ControlGenerateJava.vm', line 296, column 34] : ${glPackageBaseDao} cannot be resolved.
2017-12-15 16:06:46,419 - ResourceManager : found om/java/bsbhv/BaseBhv.vm with loader org.apache.velocity.runtime.resource.loader.FileResourceLoader
2017-12-15 16:06:46,437 - ResourceManager : found om/java/bsbhv/ReferrerLoader.vm with loader org.apache.velocity.runtime.resource.loader.FileResourceLoader
2017-12-15 16:06:46,443 - ResourceManager : found om/java/bsentity/BaseEntity.vm with loader org.apache.velocity.runtime.resource.loader.FileResourceLoader
2017-12-15 16:06:46,454 - ResourceManager : found om/java/bsentity/dbmeta/DBMetaImpl.vm with loader org.apache.velocity.runtime.resource.loader.FileResourceLoader
2017-12-15 16:06:46,467 - ResourceManager : found om/java/cbean/BsConditionBean.vm with loader org.apache.velocity.runtime.resource.loader.FileResourceLoader
2017-12-15 16:06:46,469 - Null reference [template 'om/java/cbean/BsConditionBean.vm', line 670, column 61] : ${relationMethodIdentityName} cannot be resolved.
2017-12-15 16:06:46,470 - Null reference [template 'om/java/cbean/BsConditionBean.vm', line 670, column 61] : ${relationMethodIdentityName} cannot be resolved.
2017-12-15 16:06:46,477 - ResourceManager : found om/java/cbean/AbstractBsConditionQuery.vm with loader org.apache.velocity.runtime.resource.loader.FileResourceLoader
2017-12-15 16:06:46,478 - RHS of #set statement is null. Context will not be modified. om/java/cbean/AbstractBsConditionQuery.vm[line 70, column 1]
2017-12-15 16:06:46,485 - RHS of #set statement is null. Context will not be modified. om/java/cbean/AbstractBsConditionQuery.vm[line 70, column 1]
2017-12-15 16:06:46,486 - RHS of #set statement is null. Context will not be modified. om/java/cbean/AbstractBsConditionQuery.vm[line 70, column 1]
2017-12-15 16:06:46,487 - RHS of #set statement is null. Context will not be modified. om/java/cbean/AbstractBsConditionQuery.vm[line 70, column 1]
2017-12-15 16:06:46,488 - RHS of #set statement is null. Context will not be modified. om/java/cbean/AbstractBsConditionQuery.vm[line 70, column 1]
2017-12-15 16:06:46,488 - RHS of #set statement is null. Context will not be modified. om/java/cbean/AbstractBsConditionQuery.vm[line 70, column 1]
2017-12-15 16:06:46,492 - ResourceManager : found om/java/cbean/BsConditionInlineQuery.vm with loader org.apache.velocity.runtime.resource.loader.FileResourceLoader
2017-12-15 16:06:46,492 - RHS of #set statement is null. Context will not be modified. om/java/cbean/BsConditionInlineQuery.vm[line 84, column 1]
2017-12-15 16:06:46,494 - RHS of #set statement is null. Context will not be modified. om/java/cbean/BsConditionInlineQuery.vm[line 84, column 1]
2017-12-15 16:06:46,494 - RHS of #set statement is null. Context will not be modified. om/java/cbean/BsConditionInlineQuery.vm[line 84, column 1]
2017-12-15 16:06:46,494 - RHS of #set statement is null. Context will not be modified. om/java/cbean/BsConditionInlineQuery.vm[line 84, column 1]
2017-12-15 16:06:46,494 - RHS of #set statement is null. Context will not be modified. om/java/cbean/BsConditionInlineQuery.vm[line 84, column 1]
2017-12-15 16:06:46,494 - RHS of #set statement is null. Context will not be modified. om/java/cbean/BsConditionInlineQuery.vm[line 84, column 1]
2017-12-15 16:06:46,498 - ResourceManager : found om/java/cbean/BsConditionQuery.vm with loader org.apache.velocity.runtime.resource.loader.FileResourceLoader
2017-12-15 16:06:46,498 - RHS of #set statement is null. Context will not be modified. om/java/cbean/BsConditionQuery.vm[line 104, column 1]
2017-12-15 16:06:46,502 - RHS of #set statement is null. Context will not be modified. om/java/cbean/BsConditionQuery.vm[line 104, column 1]
2017-12-15 16:06:46,502 - RHS of #set statement is null. Context will not be modified. om/java/cbean/BsConditionQuery.vm[line 104, column 1]
2017-12-15 16:06:46,502 - RHS of #set statement is null. Context will not be modified. om/java/cbean/BsConditionQuery.vm[line 104, column 1]
2017-12-15 16:06:46,502 - RHS of #set statement is null. Context will not be modified. om/java/cbean/BsConditionQuery.vm[line 104, column 1]
2017-12-15 16:06:46,502 - RHS of #set statement is null. Context will not be modified. om/java/cbean/BsConditionQuery.vm[line 104, column 1]
2017-12-15 16:06:46,504 - Null reference [template 'om/ControlGenerateJava.vm', line 293, column 38] : ${glPackageExtendedDao} cannot be resolved.
2017-12-15 16:06:46,504 - Null reference [template 'om/ControlGenerateJava.vm', line 296, column 34] : ${glPackageBaseDao} cannot be resolved.
2017-12-15 16:06:46,511 - ResourceManager : found om/java/bsbhv/BaseBhv.vm with loader org.apache.velocity.runtime.resource.loader.FileResourceLoader
2017-12-15 16:06:46,531 - ResourceManager : found om/java/bsbhv/ReferrerLoader.vm with loader org.apache.velocity.runtime.resource.loader.FileResourceLoader
2017-12-15 16:06:46,545 - ResourceManager : found om/java/bsentity/BaseEntity.vm with loader org.apache.velocity.runtime.resource.loader.FileResourceLoader
2017-12-15 16:06:46,570 - ResourceManager : found om/java/bsentity/dbmeta/DBMetaImpl.vm with loader org.apache.velocity.runtime.resource.loader.FileResourceLoader
2017-12-15 16:06:46,583 - ResourceManager : found om/java/cbean/BsConditionBean.vm with loader org.apache.velocity.runtime.resource.loader.FileResourceLoader
2017-12-15 16:06:46,588 - Null reference [template 'om/java/cbean/BsConditionBean.vm', line 670, column 61] : ${relationMethodIdentityName} cannot be resolved.
2017-12-15 16:06:46,589 - Null reference [template 'om/java/cbean/BsConditionBean.vm', line 670, column 61] : ${relationMethodIdentityName} cannot be resolved.
2017-12-15 16:06:46,595 - ResourceManager : found om/java/cbean/AbstractBsConditionQuery.vm with loader org.apache.velocity.runtime.resource.loader.FileResourceLoader
2017-12-15 16:06:46,595 - RHS of #set statement is null. Context will not be modified. om/java/cbean/AbstractBsConditionQuery.vm[line 70, column 1]
2017-12-15 16:06:46,609 - ResourceManager : found om/java/cbean/BsConditionInlineQuery.vm with loader org.apache.velocity.runtime.resource.loader.FileResourceLoader
2017-12-15 16:06:46,609 - RHS of #set statement is null. Context will not be modified. om/java/cbean/BsConditionInlineQuery.vm[line 84, column 1]
2017-12-15 16:06:46,614 - ResourceManager : found om/java/cbean/BsConditionQuery.vm with loader org.apache.velocity.runtime.resource.loader.FileResourceLoader
2017-12-15 16:06:46,615 - RHS of #set statement is null. Context will not be modified. om/java/cbean/BsConditionQuery.vm[line 104, column 1]
2017-12-15 16:06:46,629 - ResourceManager : found om/java/cbean/NestSelectSetupper.vm with loader org.apache.velocity.runtime.resource.loader.FileResourceLoader
2017-12-15 16:06:48,304 - 
2017-12-15 16:06:48,305 - DfFlutistLog4JLogSystem initialized using logfile './log/velocity.log'
2017-12-15 16:06:48,305 - Initializing Velocity, Calling init()...
2017-12-15 16:06:48,305 - *******************************************************************
2017-12-15 16:06:48,305 - Starting Apache Velocity v1.7 (compiled: 2010-11-19 12:14:37)
2017-12-15 16:06:48,305 - RuntimeInstance initializing.
2017-12-15 16:06:48,305 - Default Properties File: org/apache/velocity/runtime/defaults/velocity.properties
2017-12-15 16:06:48,305 - Trying to use logger class org.dbflute.friends.velocity.DfFlutistLog4JLogSystem
2017-12-15 16:06:48,305 - Using logger class org.dbflute.friends.velocity.DfFlutistLog4JLogSystem
2017-12-15 16:06:48,309 - Default ResourceManager initializing. (class org.apache.velocity.runtime.resource.ResourceManagerImpl)
2017-12-15 16:06:48,312 - ResourceLoader instantiated: org.apache.velocity.runtime.resource.loader.FileResourceLoader
2017-12-15 16:06:48,313 - FileResourceLoader : initialization starting.
2017-12-15 16:06:48,313 - Do unicode file recognition:  false
2017-12-15 16:06:48,313 - FileResourceLoader : adding path '/Users/h-orito/ort/wolf/workspace/werewolf-mansion/mydbflute/dbflute-1.1.4/templates'
2017-12-15 16:06:48,313 - FileResourceLoader : initialization complete.
2017-12-15 16:06:48,322 - ResourceCache: initialized (class org.apache.velocity.runtime.resource.ResourceCacheImpl) with class java.util.Collections$SynchronizedMap cache map.
2017-12-15 16:06:48,322 - Default ResourceManager initialization complete.
2017-12-15 16:06:48,322 - Loaded System Directive: org.apache.velocity.runtime.directive.Stop
2017-12-15 16:06:48,324 - Loaded System Directive: org.apache.velocity.runtime.directive.Define
2017-12-15 16:06:48,325 - Loaded System Directive: org.apache.velocity.runtime.directive.Break
2017-12-15 16:06:48,326 - Loaded System Directive: org.apache.velocity.runtime.directive.Evaluate
2017-12-15 16:06:48,327 - Loaded System Directive: org.apache.velocity.runtime.directive.Literal
2017-12-15 16:06:48,328 - Loaded System Directive: org.apache.velocity.runtime.directive.Macro
2017-12-15 16:06:48,329 - Loaded System Directive: org.apache.velocity.runtime.directive.Parse
2017-12-15 16:06:48,330 - Loaded System Directive: org.apache.velocity.runtime.directive.Include
2017-12-15 16:06:48,331 - Loaded System Directive: org.apache.velocity.runtime.directive.Foreach
2017-12-15 16:06:48,353 - Created '20' parsers.
2017-12-15 16:06:48,357 - Velocimacro : initialization starting.
2017-12-15 16:06:48,357 - Velocimacro : "velocimacro.library" is not set.  Trying default library: VM_global_library.vm
2017-12-15 16:06:48,357 - Velocimacro : Default library not found.
2017-12-15 16:06:48,357 - Velocimacro : allowInline = true : VMs can be defined inline in templates
2017-12-15 16:06:48,357 - Velocimacro : allowInlineToOverride = false : VMs defined inline may NOT replace previous VM definitions
2017-12-15 16:06:48,357 - Velocimacro : allowInlineLocal = false : VMs defined inline will be global in scope if allowed.
2017-12-15 16:06:48,357 - Velocimacro : autoload off : VM system will not automatically reload global library macros
2017-12-15 16:06:48,357 - Velocimacro : Velocimacro : initialization complete.
2017-12-15 16:06:48,357 - RuntimeInstance successfully initialized.
2017-12-15 16:06:48,400 - ResourceManager : found om/ControlSql2EntityJava.vm with loader org.apache.velocity.runtime.resource.loader.FileResourceLoader
2017-12-15 20:20:14,228 - 
2017-12-15 20:20:14,228 - DfFlutistLog4JLogSystem initialized using logfile './log/velocity.log'
2017-12-15 20:20:14,228 - Initializing Velocity, Calling init()...
2017-12-15 20:20:14,228 - *******************************************************************
2017-12-15 20:20:14,228 - Starting Apache Velocity v1.7 (compiled: 2010-11-19 12:14:37)
2017-12-15 20:20:14,228 - RuntimeInstance initializing.
2017-12-15 20:20:14,229 - Default Properties File: org/apache/velocity/runtime/defaults/velocity.properties
2017-12-15 20:20:14,229 - Trying to use logger class org.dbflute.friends.velocity.DfFlutistLog4JLogSystem
2017-12-15 20:20:14,229 - Using logger class org.dbflute.friends.velocity.DfFlutistLog4JLogSystem
2017-12-15 20:20:14,230 - Default ResourceManager initializing. (class org.apache.velocity.runtime.resource.ResourceManagerImpl)
2017-12-15 20:20:14,236 - ResourceLoader instantiated: org.apache.velocity.runtime.resource.loader.FileResourceLoader
2017-12-15 20:20:14,237 - FileResourceLoader : initialization starting.
2017-12-15 20:20:14,237 - Do unicode file recognition:  false
2017-12-15 20:20:14,237 - FileResourceLoader : adding path '/Users/h-orito/ort/wolf/workspace/werewolf-mansion/mydbflute/dbflute-1.1.4/templates'
2017-12-15 20:20:14,237 - FileResourceLoader : initialization complete.
2017-12-15 20:20:14,265 - ResourceCache: initialized (class org.apache.velocity.runtime.resource.ResourceCacheImpl) with class java.util.Collections$SynchronizedMap cache map.
2017-12-15 20:20:14,265 - Default ResourceManager initialization complete.
2017-12-15 20:20:14,266 - Loaded System Directive: org.apache.velocity.runtime.directive.Stop
2017-12-15 20:20:14,267 - Loaded System Directive: org.apache.velocity.runtime.directive.Define
2017-12-15 20:20:14,268 - Loaded System Directive: org.apache.velocity.runtime.directive.Break
2017-12-15 20:20:14,270 - Loaded System Directive: org.apache.velocity.runtime.directive.Evaluate
2017-12-15 20:20:14,273 - Loaded System Directive: org.apache.velocity.runtime.directive.Literal
2017-12-15 20:20:14,276 - Loaded System Directive: org.apache.velocity.runtime.directive.Macro
2017-12-15 20:20:14,278 - Loaded System Directive: org.apache.velocity.runtime.directive.Parse
2017-12-15 20:20:14,279 - Loaded System Directive: org.apache.velocity.runtime.directive.Include
2017-12-15 20:20:14,280 - Loaded System Directive: org.apache.velocity.runtime.directive.Foreach
2017-12-15 20:20:14,309 - Created '20' parsers.
2017-12-15 20:20:14,319 - Velocimacro : initialization starting.
2017-12-15 20:20:14,319 - Velocimacro : "velocimacro.library" is not set.  Trying default library: VM_global_library.vm
2017-12-15 20:20:14,319 - Velocimacro : Default library not found.
2017-12-15 20:20:14,319 - Velocimacro : allowInline = true : VMs can be defined inline in templates
2017-12-15 20:20:14,319 - Velocimacro : allowInlineToOverride = false : VMs defined inline may NOT replace previous VM definitions
2017-12-15 20:20:14,319 - Velocimacro : allowInlineLocal = false : VMs defined inline will be global in scope if allowed.
2017-12-15 20:20:14,319 - Velocimacro : autoload off : VM system will not automatically reload global library macros
2017-12-15 20:20:14,319 - Velocimacro : Velocimacro : initialization complete.
2017-12-15 20:20:14,319 - RuntimeInstance successfully initialized.
2017-12-15 20:20:14,347 - ResourceManager : found doc/ControlDocument.vm with loader org.apache.velocity.runtime.resource.loader.FileResourceLoader
2017-12-15 20:20:14,647 - ResourceManager : found doc/html/datamodel.vm with loader org.apache.velocity.runtime.resource.loader.FileResourceLoader
2017-12-15 20:20:14,693 - ResourceManager : found doc/html/table.vm with loader org.apache.velocity.runtime.resource.loader.FileResourceLoader
2017-12-15 20:20:14,708 - ResourceManager : found doc/html/table.vm with loader org.apache.velocity.runtime.resource.loader.FileResourceLoader
2017-12-15 20:20:14,717 - ResourceManager : found doc/html/table.vm with loader org.apache.velocity.runtime.resource.loader.FileResourceLoader
2017-12-15 20:20:14,722 - ResourceManager : found doc/html/table.vm with loader org.apache.velocity.runtime.resource.loader.FileResourceLoader
2017-12-15 20:20:14,726 - ResourceManager : found doc/html/table.vm with loader org.apache.velocity.runtime.resource.loader.FileResourceLoader
2017-12-15 20:20:14,745 - ResourceManager : found doc/html/table.vm with loader org.apache.velocity.runtime.resource.loader.FileResourceLoader
2017-12-15 20:20:14,754 - ResourceManager : found doc/html/table.vm with loader org.apache.velocity.runtime.resource.loader.FileResourceLoader
2017-12-15 20:20:14,764 - ResourceManager : found doc/html/table.vm with loader org.apache.velocity.runtime.resource.loader.FileResourceLoader
2017-12-15 20:20:14,770 - ResourceManager : found doc/html/table.vm with loader org.apache.velocity.runtime.resource.loader.FileResourceLoader
2017-12-15 20:20:14,783 - ResourceManager : found doc/html/diffmodel.vm with loader org.apache.velocity.runtime.resource.loader.FileResourceLoader
2017-12-15 20:20:16,425 - 
2017-12-15 20:20:16,425 - DfFlutistLog4JLogSystem initialized using logfile './log/velocity.log'
2017-12-15 20:20:16,425 - Initializing Velocity, Calling init()...
2017-12-15 20:20:16,425 - *******************************************************************
2017-12-15 20:20:16,425 - Starting Apache Velocity v1.7 (compiled: 2010-11-19 12:14:37)
2017-12-15 20:20:16,425 - RuntimeInstance initializing.
2017-12-15 20:20:16,425 - Default Properties File: org/apache/velocity/runtime/defaults/velocity.properties
2017-12-15 20:20:16,425 - Trying to use logger class org.dbflute.friends.velocity.DfFlutistLog4JLogSystem
2017-12-15 20:20:16,425 - Using logger class org.dbflute.friends.velocity.DfFlutistLog4JLogSystem
2017-12-15 20:20:16,427 - Default ResourceManager initializing. (class org.apache.velocity.runtime.resource.ResourceManagerImpl)
2017-12-15 20:20:16,429 - ResourceLoader instantiated: org.apache.velocity.runtime.resource.loader.FileResourceLoader
2017-12-15 20:20:16,430 - FileResourceLoader : initialization starting.
2017-12-15 20:20:16,430 - Do unicode file recognition:  false
2017-12-15 20:20:16,430 - FileResourceLoader : adding path '/Users/h-orito/ort/wolf/workspace/werewolf-mansion/mydbflute/dbflute-1.1.4/templates'
2017-12-15 20:20:16,430 - FileResourceLoader : initialization complete.
2017-12-15 20:20:16,437 - ResourceCache: initialized (class org.apache.velocity.runtime.resource.ResourceCacheImpl) with class java.util.Collections$SynchronizedMap cache map.
2017-12-15 20:20:16,437 - Default ResourceManager initialization complete.
2017-12-15 20:20:16,438 - Loaded System Directive: org.apache.velocity.runtime.directive.Stop
2017-12-15 20:20:16,438 - Loaded System Directive: org.apache.velocity.runtime.directive.Define
2017-12-15 20:20:16,439 - Loaded System Directive: org.apache.velocity.runtime.directive.Break
2017-12-15 20:20:16,439 - Loaded System Directive: org.apache.velocity.runtime.directive.Evaluate
2017-12-15 20:20:16,440 - Loaded System Directive: org.apache.velocity.runtime.directive.Literal
2017-12-15 20:20:16,440 - Loaded System Directive: org.apache.velocity.runtime.directive.Macro
2017-12-15 20:20:16,441 - Loaded System Directive: org.apache.velocity.runtime.directive.Parse
2017-12-15 20:20:16,442 - Loaded System Directive: org.apache.velocity.runtime.directive.Include
2017-12-15 20:20:16,442 - Loaded System Directive: org.apache.velocity.runtime.directive.Foreach
2017-12-15 20:20:16,462 - Created '20' parsers.
2017-12-15 20:20:16,466 - Velocimacro : initialization starting.
2017-12-15 20:20:16,466 - Velocimacro : "velocimacro.library" is not set.  Trying default library: VM_global_library.vm
2017-12-15 20:20:16,466 - Velocimacro : Default library not found.
2017-12-15 20:20:16,466 - Velocimacro : allowInline = true : VMs can be defined inline in templates
2017-12-15 20:20:16,466 - Velocimacro : allowInlineToOverride = false : VMs defined inline may NOT replace previous VM definitions
2017-12-15 20:20:16,466 - Velocimacro : allowInlineLocal = false : VMs defined inline will be global in scope if allowed.
2017-12-15 20:20:16,466 - Velocimacro : autoload off : VM system will not automatically reload global library macros
2017-12-15 20:20:16,466 - Velocimacro : Velocimacro : initialization complete.
2017-12-15 20:20:16,466 - RuntimeInstance successfully initialized.
2017-12-15 20:20:16,527 - ResourceManager : found om/ControlGenerateJava.vm with loader org.apache.velocity.runtime.resource.loader.FileResourceLoader
2017-12-15 20:20:16,768 - ResourceManager : found om/java/allcommon/CDef.vm with loader org.apache.velocity.runtime.resource.loader.FileResourceLoader
2017-12-15 20:20:16,795 - ResourceManager : found om/java/allcommon/DBCurrent.vm with loader org.apache.velocity.runtime.resource.loader.FileResourceLoader
2017-12-15 20:20:16,802 - ResourceManager : found om/java/allcommon/DBFluteConfig.vm with loader org.apache.velocity.runtime.resource.loader.FileResourceLoader
2017-12-15 20:20:16,808 - Null reference [template 'om/java/allcommon/DBFluteConfig.vm', line 1144, column 59] : $PoolGuardConnectionWrapper cannot be resolved.
2017-12-15 20:20:16,816 - ResourceManager : found om/java/allcommon/DBFluteInitializer.vm with loader org.apache.velocity.runtime.resource.loader.FileResourceLoader
2017-12-15 20:20:16,819 - ResourceManager : found om/java/allcommon/DBMetaInstanceHandler.vm with loader org.apache.velocity.runtime.resource.loader.FileResourceLoader
2017-12-15 20:20:16,829 - ResourceManager : found om/java/allcommon/EntityDefinedCommonColumn.vm with loader org.apache.velocity.runtime.resource.loader.FileResourceLoader
2017-12-15 20:20:16,848 - ResourceManager : found om/java/allcommon/ImplementedBehaviorSelector.vm with loader org.apache.velocity.runtime.resource.loader.FileResourceLoader
2017-12-15 20:20:16,852 - ResourceManager : found om/java/allcommon/ImplementedCommonColumnAutoSetupper.vm with loader org.apache.velocity.runtime.resource.loader.FileResourceLoader
2017-12-15 20:20:16,857 - ResourceManager : found om/java/allcommon/ImplementedInvokerAssistant.vm with loader org.apache.velocity.runtime.resource.loader.FileResourceLoader
2017-12-15 20:20:16,864 - ResourceManager : found om/java/allcommon/ImplementedSqlClauseCreator.vm with loader org.apache.velocity.runtime.resource.loader.FileResourceLoader
2017-12-15 20:20:16,872 - ResourceManager : found om/java/allcommon/container/spring/SpringDBFluteBeansJavaConfig.vm with loader org.apache.velocity.runtime.resource.loader.FileResourceLoader
2017-12-15 20:20:16,911 - Null reference [template 'om/ControlGenerateJava.vm', line 293, column 38] : ${glPackageExtendedDao} cannot be resolved.
2017-12-15 20:20:16,911 - Null reference [template 'om/ControlGenerateJava.vm', line 296, column 34] : ${glPackageBaseDao} cannot be resolved.
2017-12-15 20:20:16,927 - ResourceManager : found om/java/bsbhv/BaseBhv.vm with loader org.apache.velocity.runtime.resource.loader.FileResourceLoader
2017-12-15 20:20:16,956 - ResourceManager : found om/java/bsbhv/ReferrerLoader.vm with loader org.apache.velocity.runtime.resource.loader.FileResourceLoader
2017-12-15 20:20:16,968 - ResourceManager : found om/java/bsentity/BaseEntity.vm with loader org.apache.velocity.runtime.resource.loader.FileResourceLoader
2017-12-15 20:20:16,982 - ResourceManager : found om/java/bsentity/dbmeta/DBMetaImpl.vm with loader org.apache.velocity.runtime.resource.loader.FileResourceLoader
2017-12-15 20:20:16,999 - ResourceManager : found om/java/cbean/BsConditionBean.vm with loader org.apache.velocity.runtime.resource.loader.FileResourceLoader
2017-12-15 20:20:17,003 - Null reference [template 'om/java/cbean/BsConditionBean.vm', line 670, column 61] : ${relationMethodIdentityName} cannot be resolved.
2017-12-15 20:20:17,027 - ResourceManager : found om/java/cbean/AbstractBsConditionQuery.vm with loader org.apache.velocity.runtime.resource.loader.FileResourceLoader
2017-12-15 20:20:17,028 - RHS of #set statement is null. Context will not be modified. om/java/cbean/AbstractBsConditionQuery.vm[line 70, column 1]
2017-12-15 20:20:17,035 - RHS of #set statement is null. Context will not be modified. om/java/cbean/AbstractBsConditionQuery.vm[line 70, column 1]
2017-12-15 20:20:17,045 - ResourceManager : found om/java/cbean/BsConditionInlineQuery.vm with loader org.apache.velocity.runtime.resource.loader.FileResourceLoader
2017-12-15 20:20:17,045 - RHS of #set statement is null. Context will not be modified. om/java/cbean/BsConditionInlineQuery.vm[line 84, column 1]
2017-12-15 20:20:17,047 - RHS of #set statement is null. Context will not be modified. om/java/cbean/BsConditionInlineQuery.vm[line 84, column 1]
2017-12-15 20:20:17,056 - ResourceManager : found om/java/cbean/BsConditionQuery.vm with loader org.apache.velocity.runtime.resource.loader.FileResourceLoader
2017-12-15 20:20:17,057 - RHS of #set statement is null. Context will not be modified. om/java/cbean/BsConditionQuery.vm[line 104, column 1]
2017-12-15 20:20:17,058 - RHS of #set statement is null. Context will not be modified. om/java/cbean/BsConditionQuery.vm[line 104, column 1]
2017-12-15 20:20:17,060 - Null reference [template 'om/ControlGenerateJava.vm', line 293, column 38] : ${glPackageExtendedDao} cannot be resolved.
2017-12-15 20:20:17,060 - Null reference [template 'om/ControlGenerateJava.vm', line 296, column 34] : ${glPackageBaseDao} cannot be resolved.
2017-12-15 20:20:17,071 - ResourceManager : found om/java/bsbhv/BaseBhv.vm with loader org.apache.velocity.runtime.resource.loader.FileResourceLoader
2017-12-15 20:20:17,087 - ResourceManager : found om/java/bsbhv/ReferrerLoader.vm with loader org.apache.velocity.runtime.resource.loader.FileResourceLoader
2017-12-15 20:20:17,095 - ResourceManager : found om/java/bsentity/BaseEntity.vm with loader org.apache.velocity.runtime.resource.loader.FileResourceLoader
2017-12-15 20:20:17,124 - ResourceManager : found om/java/bsentity/dbmeta/DBMetaImpl.vm with loader org.apache.velocity.runtime.resource.loader.FileResourceLoader
2017-12-15 20:20:17,142 - ResourceManager : found om/java/cbean/BsConditionBean.vm with loader org.apache.velocity.runtime.resource.loader.FileResourceLoader
2017-12-15 20:20:17,146 - Null reference [template 'om/java/cbean/BsConditionBean.vm', line 670, column 61] : ${relationMethodIdentityName} cannot be resolved.
2017-12-15 20:20:17,162 - ResourceManager : found om/java/cbean/AbstractBsConditionQuery.vm with loader org.apache.velocity.runtime.resource.loader.FileResourceLoader
2017-12-15 20:20:17,163 - RHS of #set statement is null. Context will not be modified. om/java/cbean/AbstractBsConditionQuery.vm[line 70, column 1]
2017-12-15 20:20:17,170 - RHS of #set statement is null. Context will not be modified. om/java/cbean/AbstractBsConditionQuery.vm[line 70, column 1]
2017-12-15 20:20:17,173 - RHS of #set statement is null. Context will not be modified. om/java/cbean/AbstractBsConditionQuery.vm[line 70, column 1]
2017-12-15 20:20:17,180 - ResourceManager : found om/java/cbean/BsConditionInlineQuery.vm with loader org.apache.velocity.runtime.resource.loader.FileResourceLoader
2017-12-15 20:20:17,180 - RHS of #set statement is null. Context will not be modified. om/java/cbean/BsConditionInlineQuery.vm[line 84, column 1]
2017-12-15 20:20:17,182 - RHS of #set statement is null. Context will not be modified. om/java/cbean/BsConditionInlineQuery.vm[line 84, column 1]
2017-12-15 20:20:17,182 - RHS of #set statement is null. Context will not be modified. om/java/cbean/BsConditionInlineQuery.vm[line 84, column 1]
2017-12-15 20:20:17,195 - ResourceManager : found om/java/cbean/BsConditionQuery.vm with loader org.apache.velocity.runtime.resource.loader.FileResourceLoader
2017-12-15 20:20:17,195 - RHS of #set statement is null. Context will not be modified. om/java/cbean/BsConditionQuery.vm[line 104, column 1]
2017-12-15 20:20:17,197 - RHS of #set statement is null. Context will not be modified. om/java/cbean/BsConditionQuery.vm[line 104, column 1]
2017-12-15 20:20:17,198 - RHS of #set statement is null. Context will not be modified. om/java/cbean/BsConditionQuery.vm[line 104, column 1]
2017-12-15 20:20:17,202 - ResourceManager : found om/java/cbean/NestSelectSetupper.vm with loader org.apache.velocity.runtime.resource.loader.FileResourceLoader
2017-12-15 20:20:17,205 - Null reference [template 'om/ControlGenerateJava.vm', line 293, column 38] : ${glPackageExtendedDao} cannot be resolved.
2017-12-15 20:20:17,205 - Null reference [template 'om/ControlGenerateJava.vm', line 296, column 34] : ${glPackageBaseDao} cannot be resolved.
2017-12-15 20:20:17,224 - ResourceManager : found om/java/bsbhv/BaseBhv.vm with loader org.apache.velocity.runtime.resource.loader.FileResourceLoader
2017-12-15 20:20:17,238 - ResourceManager : found om/java/bsbhv/ReferrerLoader.vm with loader org.apache.velocity.runtime.resource.loader.FileResourceLoader
2017-12-15 20:20:17,247 - ResourceManager : found om/java/bsentity/BaseEntity.vm with loader org.apache.velocity.runtime.resource.loader.FileResourceLoader
2017-12-15 20:20:17,265 - ResourceManager : found om/java/bsentity/dbmeta/DBMetaImpl.vm with loader org.apache.velocity.runtime.resource.loader.FileResourceLoader
2017-12-15 20:20:17,278 - ResourceManager : found om/java/cbean/BsConditionBean.vm with loader org.apache.velocity.runtime.resource.loader.FileResourceLoader
2017-12-15 20:20:17,282 - Null reference [template 'om/java/cbean/BsConditionBean.vm', line 670, column 61] : ${relationMethodIdentityName} cannot be resolved.
2017-12-15 20:20:17,296 - ResourceManager : found om/java/cbean/AbstractBsConditionQuery.vm with loader org.apache.velocity.runtime.resource.loader.FileResourceLoader
2017-12-15 20:20:17,297 - RHS of #set statement is null. Context will not be modified. om/java/cbean/AbstractBsConditionQuery.vm[line 70, column 1]
2017-12-15 20:20:17,302 - RHS of #set statement is null. Context will not be modified. om/java/cbean/AbstractBsConditionQuery.vm[line 70, column 1]
2017-12-15 20:20:17,311 - ResourceManager : found om/java/cbean/BsConditionInlineQuery.vm with loader org.apache.velocity.runtime.resource.loader.FileResourceLoader
2017-12-15 20:20:17,312 - RHS of #set statement is null. Context will not be modified. om/java/cbean/BsConditionInlineQuery.vm[line 84, column 1]
2017-12-15 20:20:17,312 - RHS of #set statement is null. Context will not be modified. om/java/cbean/BsConditionInlineQuery.vm[line 84, column 1]
2017-12-15 20:20:17,320 - ResourceManager : found om/java/cbean/BsConditionQuery.vm with loader org.apache.velocity.runtime.resource.loader.FileResourceLoader
2017-12-15 20:20:17,320 - RHS of #set statement is null. Context will not be modified. om/java/cbean/BsConditionQuery.vm[line 104, column 1]
2017-12-15 20:20:17,321 - RHS of #set statement is null. Context will not be modified. om/java/cbean/BsConditionQuery.vm[line 104, column 1]
2017-12-15 20:20:17,325 - ResourceManager : found om/java/cbean/NestSelectSetupper.vm with loader org.apache.velocity.runtime.resource.loader.FileResourceLoader
2017-12-15 20:20:17,327 - Null reference [template 'om/ControlGenerateJava.vm', line 293, column 38] : ${glPackageExtendedDao} cannot be resolved.
2017-12-15 20:20:17,327 - Null reference [template 'om/ControlGenerateJava.vm', line 296, column 34] : ${glPackageBaseDao} cannot be resolved.
2017-12-15 20:20:17,343 - ResourceManager : found om/java/bsbhv/BaseBhv.vm with loader org.apache.velocity.runtime.resource.loader.FileResourceLoader
2017-12-15 20:20:17,358 - ResourceManager : found om/java/bsbhv/ReferrerLoader.vm with loader org.apache.velocity.runtime.resource.loader.FileResourceLoader
2017-12-15 20:20:17,366 - ResourceManager : found om/java/bsentity/BaseEntity.vm with loader org.apache.velocity.runtime.resource.loader.FileResourceLoader
2017-12-15 20:20:17,374 - ResourceManager : found om/java/bsentity/dbmeta/DBMetaImpl.vm with loader org.apache.velocity.runtime.resource.loader.FileResourceLoader
2017-12-15 20:20:17,385 - ResourceManager : found om/java/cbean/BsConditionBean.vm with loader org.apache.velocity.runtime.resource.loader.FileResourceLoader
2017-12-15 20:20:17,387 - Null reference [template 'om/java/cbean/BsConditionBean.vm', line 670, column 61] : ${relationMethodIdentityName} cannot be resolved.
2017-12-15 20:20:17,400 - ResourceManager : found om/java/cbean/AbstractBsConditionQuery.vm with loader org.apache.velocity.runtime.resource.loader.FileResourceLoader
2017-12-15 20:20:17,401 - RHS of #set statement is null. Context will not be modified. om/java/cbean/AbstractBsConditionQuery.vm[line 70, column 1]
2017-12-15 20:20:17,412 - RHS of #set statement is null. Context will not be modified. om/java/cbean/AbstractBsConditionQuery.vm[line 70, column 1]
2017-12-15 20:20:17,418 - ResourceManager : found om/java/cbean/BsConditionInlineQuery.vm with loader org.apache.velocity.runtime.resource.loader.FileResourceLoader
2017-12-15 20:20:17,418 - RHS of #set statement is null. Context will not be modified. om/java/cbean/BsConditionInlineQuery.vm[line 84, column 1]
2017-12-15 20:20:17,419 - RHS of #set statement is null. Context will not be modified. om/java/cbean/BsConditionInlineQuery.vm[line 84, column 1]
2017-12-15 20:20:17,427 - ResourceManager : found om/java/cbean/BsConditionQuery.vm with loader org.apache.velocity.runtime.resource.loader.FileResourceLoader
2017-12-15 20:20:17,427 - RHS of #set statement is null. Context will not be modified. om/java/cbean/BsConditionQuery.vm[line 104, column 1]
2017-12-15 20:20:17,429 - RHS of #set statement is null. Context will not be modified. om/java/cbean/BsConditionQuery.vm[line 104, column 1]
2017-12-15 20:20:17,433 - Null reference [template 'om/ControlGenerateJava.vm', line 293, column 38] : ${glPackageExtendedDao} cannot be resolved.
2017-12-15 20:20:17,433 - Null reference [template 'om/ControlGenerateJava.vm', line 296, column 34] : ${glPackageBaseDao} cannot be resolved.
2017-12-15 20:20:17,441 - ResourceManager : found om/java/bsbhv/BaseBhv.vm with loader org.apache.velocity.runtime.resource.loader.FileResourceLoader
2017-12-15 20:20:17,455 - ResourceManager : found om/java/bsbhv/ReferrerLoader.vm with loader org.apache.velocity.runtime.resource.loader.FileResourceLoader
2017-12-15 20:20:17,464 - ResourceManager : found om/java/bsentity/BaseEntity.vm with loader org.apache.velocity.runtime.resource.loader.FileResourceLoader
2017-12-15 20:20:17,506 - ResourceManager : found om/java/bsentity/dbmeta/DBMetaImpl.vm with loader org.apache.velocity.runtime.resource.loader.FileResourceLoader
2017-12-15 20:20:17,533 - ResourceManager : found om/java/cbean/BsConditionBean.vm with loader org.apache.velocity.runtime.resource.loader.FileResourceLoader
2017-12-15 20:20:17,555 - ResourceManager : found om/java/cbean/AbstractBsConditionQuery.vm with loader org.apache.velocity.runtime.resource.loader.FileResourceLoader
2017-12-15 20:20:17,555 - RHS of #set statement is null. Context will not be modified. om/java/cbean/AbstractBsConditionQuery.vm[line 70, column 1]
2017-12-15 20:20:17,561 - RHS of #set statement is null. Context will not be modified. om/java/cbean/AbstractBsConditionQuery.vm[line 70, column 1]
2017-12-15 20:20:17,563 - RHS of #set statement is null. Context will not be modified. om/java/cbean/AbstractBsConditionQuery.vm[line 70, column 1]
2017-12-15 20:20:17,564 - RHS of #set statement is null. Context will not be modified. om/java/cbean/AbstractBsConditionQuery.vm[line 70, column 1]
2017-12-15 20:20:17,565 - RHS of #set statement is null. Context will not be modified. om/java/cbean/AbstractBsConditionQuery.vm[line 70, column 1]
2017-12-15 20:20:17,566 - RHS of #set statement is null. Context will not be modified. om/java/cbean/AbstractBsConditionQuery.vm[line 70, column 1]
2017-12-15 20:20:17,567 - RHS of #set statement is null. Context will not be modified. om/java/cbean/AbstractBsConditionQuery.vm[line 70, column 1]
2017-12-15 20:20:17,568 - RHS of #set statement is null. Context will not be modified. om/java/cbean/AbstractBsConditionQuery.vm[line 70, column 1]
2017-12-15 20:20:17,568 - RHS of #set statement is null. Context will not be modified. om/java/cbean/AbstractBsConditionQuery.vm[line 70, column 1]
2017-12-15 20:20:17,574 - ResourceManager : found om/java/cbean/BsConditionInlineQuery.vm with loader org.apache.velocity.runtime.resource.loader.FileResourceLoader
2017-12-15 20:20:17,575 - RHS of #set statement is null. Context will not be modified. om/java/cbean/BsConditionInlineQuery.vm[line 84, column 1]
2017-12-15 20:20:17,576 - RHS of #set statement is null. Context will not be modified. om/java/cbean/BsConditionInlineQuery.vm[line 84, column 1]
2017-12-15 20:20:17,576 - RHS of #set statement is null. Context will not be modified. om/java/cbean/BsConditionInlineQuery.vm[line 84, column 1]
2017-12-15 20:20:17,576 - RHS of #set statement is null. Context will not be modified. om/java/cbean/BsConditionInlineQuery.vm[line 84, column 1]
2017-12-15 20:20:17,576 - RHS of #set statement is null. Context will not be modified. om/java/cbean/BsConditionInlineQuery.vm[line 84, column 1]
2017-12-15 20:20:17,576 - RHS of #set statement is null. Context will not be modified. om/java/cbean/BsConditionInlineQuery.vm[line 84, column 1]
2017-12-15 20:20:17,576 - RHS of #set statement is null. Context will not be modified. om/java/cbean/BsConditionInlineQuery.vm[line 84, column 1]
2017-12-15 20:20:17,576 - RHS of #set statement is null. Context will not be modified. om/java/cbean/BsConditionInlineQuery.vm[line 84, column 1]
2017-12-15 20:20:17,576 - RHS of #set statement is null. Context will not be modified. om/java/cbean/BsConditionInlineQuery.vm[line 84, column 1]
2017-12-15 20:20:17,582 - ResourceManager : found om/java/cbean/BsConditionQuery.vm with loader org.apache.velocity.runtime.resource.loader.FileResourceLoader
2017-12-15 20:20:17,583 - RHS of #set statement is null. Context will not be modified. om/java/cbean/BsConditionQuery.vm[line 104, column 1]
2017-12-15 20:20:17,584 - RHS of #set statement is null. Context will not be modified. om/java/cbean/BsConditionQuery.vm[line 104, column 1]
2017-12-15 20:20:17,584 - RHS of #set statement is null. Context will not be modified. om/java/cbean/BsConditionQuery.vm[line 104, column 1]
2017-12-15 20:20:17,584 - RHS of #set statement is null. Context will not be modified. om/java/cbean/BsConditionQuery.vm[line 104, column 1]
2017-12-15 20:20:17,584 - RHS of #set statement is null. Context will not be modified. om/java/cbean/BsConditionQuery.vm[line 104, column 1]
2017-12-15 20:20:17,584 - RHS of #set statement is null. Context will not be modified. om/java/cbean/BsConditionQuery.vm[line 104, column 1]
2017-12-15 20:20:17,584 - RHS of #set statement is null. Context will not be modified. om/java/cbean/BsConditionQuery.vm[line 104, column 1]
2017-12-15 20:20:17,584 - RHS of #set statement is null. Context will not be modified. om/java/cbean/BsConditionQuery.vm[line 104, column 1]
2017-12-15 20:20:17,585 - RHS of #set statement is null. Context will not be modified. om/java/cbean/BsConditionQuery.vm[line 104, column 1]
2017-12-15 20:20:17,598 - ResourceManager : found om/java/cbean/NestSelectSetupper.vm with loader org.apache.velocity.runtime.resource.loader.FileResourceLoader
2017-12-15 20:20:17,603 - Null reference [template 'om/ControlGenerateJava.vm', line 293, column 38] : ${glPackageExtendedDao} cannot be resolved.
2017-12-15 20:20:17,603 - Null reference [template 'om/ControlGenerateJava.vm', line 296, column 34] : ${glPackageBaseDao} cannot be resolved.
2017-12-15 20:20:17,612 - ResourceManager : found om/java/bsbhv/BaseBhv.vm with loader org.apache.velocity.runtime.resource.loader.FileResourceLoader
2017-12-15 20:20:17,626 - ResourceManager : found om/java/bsbhv/ReferrerLoader.vm with loader org.apache.velocity.runtime.resource.loader.FileResourceLoader
2017-12-15 20:20:17,632 - ResourceManager : found om/java/bsentity/BaseEntity.vm with loader org.apache.velocity.runtime.resource.loader.FileResourceLoader
2017-12-15 20:20:17,639 - ResourceManager : found om/java/bsentity/dbmeta/DBMetaImpl.vm with loader org.apache.velocity.runtime.resource.loader.FileResourceLoader
2017-12-15 20:20:17,649 - ResourceManager : found om/java/cbean/BsConditionBean.vm with loader org.apache.velocity.runtime.resource.loader.FileResourceLoader
2017-12-15 20:20:17,650 - Null reference [template 'om/java/cbean/BsConditionBean.vm', line 670, column 61] : ${relationMethodIdentityName} cannot be resolved.
2017-12-15 20:20:17,663 - ResourceManager : found om/java/cbean/AbstractBsConditionQuery.vm with loader org.apache.velocity.runtime.resource.loader.FileResourceLoader
2017-12-15 20:20:17,663 - RHS of #set statement is null. Context will not be modified. om/java/cbean/AbstractBsConditionQuery.vm[line 70, column 1]
2017-12-15 20:20:17,669 - RHS of #set statement is null. Context will not be modified. om/java/cbean/AbstractBsConditionQuery.vm[line 70, column 1]
2017-12-15 20:20:17,678 - ResourceManager : found om/java/cbean/BsConditionInlineQuery.vm with loader org.apache.velocity.runtime.resource.loader.FileResourceLoader
2017-12-15 20:20:17,678 - RHS of #set statement is null. Context will not be modified. om/java/cbean/BsConditionInlineQuery.vm[line 84, column 1]
2017-12-15 20:20:17,680 - RHS of #set statement is null. Context will not be modified. om/java/cbean/BsConditionInlineQuery.vm[line 84, column 1]
2017-12-15 20:20:17,687 - ResourceManager : found om/java/cbean/BsConditionQuery.vm with loader org.apache.velocity.runtime.resource.loader.FileResourceLoader
2017-12-15 20:20:17,688 - RHS of #set statement is null. Context will not be modified. om/java/cbean/BsConditionQuery.vm[line 104, column 1]
2017-12-15 20:20:17,690 - RHS of #set statement is null. Context will not be modified. om/java/cbean/BsConditionQuery.vm[line 104, column 1]
2017-12-15 20:20:17,692 - Null reference [template 'om/ControlGenerateJava.vm', line 293, column 38] : ${glPackageExtendedDao} cannot be resolved.
2017-12-15 20:20:17,692 - Null reference [template 'om/ControlGenerateJava.vm', line 296, column 34] : ${glPackageBaseDao} cannot be resolved.
2017-12-15 20:20:17,701 - ResourceManager : found om/java/bsbhv/BaseBhv.vm with loader org.apache.velocity.runtime.resource.loader.FileResourceLoader
2017-12-15 20:20:17,719 - ResourceManager : found om/java/bsbhv/ReferrerLoader.vm with loader org.apache.velocity.runtime.resource.loader.FileResourceLoader
2017-12-15 20:20:17,728 - ResourceManager : found om/java/bsentity/BaseEntity.vm with loader org.apache.velocity.runtime.resource.loader.FileResourceLoader
2017-12-15 20:20:17,754 - ResourceManager : found om/java/bsentity/dbmeta/DBMetaImpl.vm with loader org.apache.velocity.runtime.resource.loader.FileResourceLoader
2017-12-15 20:20:17,769 - ResourceManager : found om/java/cbean/BsConditionBean.vm with loader org.apache.velocity.runtime.resource.loader.FileResourceLoader
2017-12-15 20:20:17,774 - Null reference [template 'om/java/cbean/BsConditionBean.vm', line 670, column 61] : ${relationMethodIdentityName} cannot be resolved.
2017-12-15 20:20:17,775 - Null reference [template 'om/java/cbean/BsConditionBean.vm', line 670, column 61] : ${relationMethodIdentityName} cannot be resolved.
2017-12-15 20:20:17,786 - ResourceManager : found om/java/cbean/AbstractBsConditionQuery.vm with loader org.apache.velocity.runtime.resource.loader.FileResourceLoader
2017-12-15 20:20:17,786 - RHS of #set statement is null. Context will not be modified. om/java/cbean/AbstractBsConditionQuery.vm[line 70, column 1]
2017-12-15 20:20:17,796 - RHS of #set statement is null. Context will not be modified. om/java/cbean/AbstractBsConditionQuery.vm[line 70, column 1]
2017-12-15 20:20:17,797 - RHS of #set statement is null. Context will not be modified. om/java/cbean/AbstractBsConditionQuery.vm[line 70, column 1]
2017-12-15 20:20:17,800 - RHS of #set statement is null. Context will not be modified. om/java/cbean/AbstractBsConditionQuery.vm[line 70, column 1]
2017-12-15 20:20:17,801 - RHS of #set statement is null. Context will not be modified. om/java/cbean/AbstractBsConditionQuery.vm[line 70, column 1]
2017-12-15 20:20:17,805 - RHS of #set statement is null. Context will not be modified. om/java/cbean/AbstractBsConditionQuery.vm[line 70, column 1]
2017-12-15 20:20:17,806 - RHS of #set statement is null. Context will not be modified. om/java/cbean/AbstractBsConditionQuery.vm[line 70, column 1]
2017-12-15 20:20:17,811 - ResourceManager : found om/java/cbean/BsConditionInlineQuery.vm with loader org.apache.velocity.runtime.resource.loader.FileResourceLoader
2017-12-15 20:20:17,811 - RHS of #set statement is null. Context will not be modified. om/java/cbean/BsConditionInlineQuery.vm[line 84, column 1]
2017-12-15 20:20:17,814 - RHS of #set statement is null. Context will not be modified. om/java/cbean/BsConditionInlineQuery.vm[line 84, column 1]
2017-12-15 20:20:17,814 - RHS of #set statement is null. Context will not be modified. om/java/cbean/BsConditionInlineQuery.vm[line 84, column 1]
2017-12-15 20:20:17,814 - RHS of #set statement is null. Context will not be modified. om/java/cbean/BsConditionInlineQuery.vm[line 84, column 1]
2017-12-15 20:20:17,814 - RHS of #set statement is null. Context will not be modified. om/java/cbean/BsConditionInlineQuery.vm[line 84, column 1]
2017-12-15 20:20:17,814 - RHS of #set statement is null. Context will not be modified. om/java/cbean/BsConditionInlineQuery.vm[line 84, column 1]
2017-12-15 20:20:17,814 - RHS of #set statement is null. Context will not be modified. om/java/cbean/BsConditionInlineQuery.vm[line 84, column 1]
2017-12-15 20:20:17,819 - ResourceManager : found om/java/cbean/BsConditionQuery.vm with loader org.apache.velocity.runtime.resource.loader.FileResourceLoader
2017-12-15 20:20:17,819 - RHS of #set statement is null. Context will not be modified. om/java/cbean/BsConditionQuery.vm[line 104, column 1]
2017-12-15 20:20:17,822 - RHS of #set statement is null. Context will not be modified. om/java/cbean/BsConditionQuery.vm[line 104, column 1]
2017-12-15 20:20:17,822 - RHS of #set statement is null. Context will not be modified. om/java/cbean/BsConditionQuery.vm[line 104, column 1]
2017-12-15 20:20:17,823 - RHS of #set statement is null. Context will not be modified. om/java/cbean/BsConditionQuery.vm[line 104, column 1]
2017-12-15 20:20:17,823 - RHS of #set statement is null. Context will not be modified. om/java/cbean/BsConditionQuery.vm[line 104, column 1]
2017-12-15 20:20:17,823 - RHS of #set statement is null. Context will not be modified. om/java/cbean/BsConditionQuery.vm[line 104, column 1]
2017-12-15 20:20:17,823 - RHS of #set statement is null. Context will not be modified. om/java/cbean/BsConditionQuery.vm[line 104, column 1]
2017-12-15 20:20:17,826 - ResourceManager : found om/java/cbean/NestSelectSetupper.vm with loader org.apache.velocity.runtime.resource.loader.FileResourceLoader
2017-12-15 20:20:17,829 - Null reference [template 'om/ControlGenerateJava.vm', line 293, column 38] : ${glPackageExtendedDao} cannot be resolved.
2017-12-15 20:20:17,829 - Null reference [template 'om/ControlGenerateJava.vm', line 296, column 34] : ${glPackageBaseDao} cannot be resolved.
2017-12-15 20:20:17,837 - ResourceManager : found om/java/bsbhv/BaseBhv.vm with loader org.apache.velocity.runtime.resource.loader.FileResourceLoader
2017-12-15 20:20:17,853 - ResourceManager : found om/java/bsbhv/ReferrerLoader.vm with loader org.apache.velocity.runtime.resource.loader.FileResourceLoader
2017-12-15 20:20:17,859 - ResourceManager : found om/java/bsentity/BaseEntity.vm with loader org.apache.velocity.runtime.resource.loader.FileResourceLoader
2017-12-15 20:20:17,870 - ResourceManager : found om/java/bsentity/dbmeta/DBMetaImpl.vm with loader org.apache.velocity.runtime.resource.loader.FileResourceLoader
2017-12-15 20:20:17,882 - ResourceManager : found om/java/cbean/BsConditionBean.vm with loader org.apache.velocity.runtime.resource.loader.FileResourceLoader
2017-12-15 20:20:17,885 - Null reference [template 'om/java/cbean/BsConditionBean.vm', line 670, column 61] : ${relationMethodIdentityName} cannot be resolved.
2017-12-15 20:20:17,886 - Null reference [template 'om/java/cbean/BsConditionBean.vm', line 670, column 61] : ${relationMethodIdentityName} cannot be resolved.
2017-12-15 20:20:17,898 - ResourceManager : found om/java/cbean/AbstractBsConditionQuery.vm with loader org.apache.velocity.runtime.resource.loader.FileResourceLoader
2017-12-15 20:20:17,898 - RHS of #set statement is null. Context will not be modified. om/java/cbean/AbstractBsConditionQuery.vm[line 70, column 1]
2017-12-15 20:20:17,908 - RHS of #set statement is null. Context will not be modified. om/java/cbean/AbstractBsConditionQuery.vm[line 70, column 1]
2017-12-15 20:20:17,910 - RHS of #set statement is null. Context will not be modified. om/java/cbean/AbstractBsConditionQuery.vm[line 70, column 1]
2017-12-15 20:20:17,910 - RHS of #set statement is null. Context will not be modified. om/java/cbean/AbstractBsConditionQuery.vm[line 70, column 1]
2017-12-15 20:20:17,911 - RHS of #set statement is null. Context will not be modified. om/java/cbean/AbstractBsConditionQuery.vm[line 70, column 1]
2017-12-15 20:20:17,912 - RHS of #set statement is null. Context will not be modified. om/java/cbean/AbstractBsConditionQuery.vm[line 70, column 1]
2017-12-15 20:20:17,916 - ResourceManager : found om/java/cbean/BsConditionInlineQuery.vm with loader org.apache.velocity.runtime.resource.loader.FileResourceLoader
2017-12-15 20:20:17,917 - RHS of #set statement is null. Context will not be modified. om/java/cbean/BsConditionInlineQuery.vm[line 84, column 1]
2017-12-15 20:20:17,918 - RHS of #set statement is null. Context will not be modified. om/java/cbean/BsConditionInlineQuery.vm[line 84, column 1]
2017-12-15 20:20:17,918 - RHS of #set statement is null. Context will not be modified. om/java/cbean/BsConditionInlineQuery.vm[line 84, column 1]
2017-12-15 20:20:17,918 - RHS of #set statement is null. Context will not be modified. om/java/cbean/BsConditionInlineQuery.vm[line 84, column 1]
2017-12-15 20:20:17,918 - RHS of #set statement is null. Context will not be modified. om/java/cbean/BsConditionInlineQuery.vm[line 84, column 1]
2017-12-15 20:20:17,918 - RHS of #set statement is null. Context will not be modified. om/java/cbean/BsConditionInlineQuery.vm[line 84, column 1]
2017-12-15 20:20:17,925 - ResourceManager : found om/java/cbean/BsConditionQuery.vm with loader org.apache.velocity.runtime.resource.loader.FileResourceLoader
2017-12-15 20:20:17,926 - RHS of #set statement is null. Context will not be modified. om/java/cbean/BsConditionQuery.vm[line 104, column 1]
2017-12-15 20:20:17,928 - RHS of #set statement is null. Context will not be modified. om/java/cbean/BsConditionQuery.vm[line 104, column 1]
2017-12-15 20:20:17,928 - RHS of #set statement is null. Context will not be modified. om/java/cbean/BsConditionQuery.vm[line 104, column 1]
2017-12-15 20:20:17,928 - RHS of #set statement is null. Context will not be modified. om/java/cbean/BsConditionQuery.vm[line 104, column 1]
2017-12-15 20:20:17,928 - RHS of #set statement is null. Context will not be modified. om/java/cbean/BsConditionQuery.vm[line 104, column 1]
2017-12-15 20:20:17,929 - RHS of #set statement is null. Context will not be modified. om/java/cbean/BsConditionQuery.vm[line 104, column 1]
2017-12-15 20:20:17,930 - Null reference [template 'om/ControlGenerateJava.vm', line 293, column 38] : ${glPackageExtendedDao} cannot be resolved.
2017-12-15 20:20:17,930 - Null reference [template 'om/ControlGenerateJava.vm', line 296, column 34] : ${glPackageBaseDao} cannot be resolved.
2017-12-15 20:20:17,934 - ResourceManager : found om/java/bsbhv/BaseBhv.vm with loader org.apache.velocity.runtime.resource.loader.FileResourceLoader
2017-12-15 20:20:17,949 - ResourceManager : found om/java/bsbhv/ReferrerLoader.vm with loader org.apache.velocity.runtime.resource.loader.FileResourceLoader
2017-12-15 20:20:17,958 - ResourceManager : found om/java/bsentity/BaseEntity.vm with loader org.apache.velocity.runtime.resource.loader.FileResourceLoader
2017-12-15 20:20:17,976 - ResourceManager : found om/java/bsentity/dbmeta/DBMetaImpl.vm with loader org.apache.velocity.runtime.resource.loader.FileResourceLoader
2017-12-15 20:20:17,990 - ResourceManager : found om/java/cbean/BsConditionBean.vm with loader org.apache.velocity.runtime.resource.loader.FileResourceLoader
2017-12-15 20:20:17,996 - Null reference [template 'om/java/cbean/BsConditionBean.vm', line 670, column 61] : ${relationMethodIdentityName} cannot be resolved.
2017-12-15 20:20:17,997 - Null reference [template 'om/java/cbean/BsConditionBean.vm', line 670, column 61] : ${relationMethodIdentityName} cannot be resolved.
2017-12-15 20:20:18,009 - ResourceManager : found om/java/cbean/AbstractBsConditionQuery.vm with loader org.apache.velocity.runtime.resource.loader.FileResourceLoader
2017-12-15 20:20:18,009 - RHS of #set statement is null. Context will not be modified. om/java/cbean/AbstractBsConditionQuery.vm[line 70, column 1]
2017-12-15 20:20:18,024 - ResourceManager : found om/java/cbean/BsConditionInlineQuery.vm with loader org.apache.velocity.runtime.resource.loader.FileResourceLoader
2017-12-15 20:20:18,024 - RHS of #set statement is null. Context will not be modified. om/java/cbean/BsConditionInlineQuery.vm[line 84, column 1]
2017-12-15 20:20:18,033 - ResourceManager : found om/java/cbean/BsConditionQuery.vm with loader org.apache.velocity.runtime.resource.loader.FileResourceLoader
2017-12-15 20:20:18,034 - RHS of #set statement is null. Context will not be modified. om/java/cbean/BsConditionQuery.vm[line 104, column 1]
2017-12-15 20:20:18,045 - ResourceManager : found om/java/cbean/NestSelectSetupper.vm with loader org.apache.velocity.runtime.resource.loader.FileResourceLoader
2017-12-15 20:20:20,856 - 
2017-12-15 20:20:20,868 - DfFlutistLog4JLogSystem initialized using logfile './log/velocity.log'
2017-12-15 20:20:20,880 - Initializing Velocity, Calling init()...
2017-12-15 20:20:20,880 - *******************************************************************
2017-12-15 20:20:20,880 - Starting Apache Velocity v1.7 (compiled: 2010-11-19 12:14:37)
2017-12-15 20:20:20,880 - RuntimeInstance initializing.
2017-12-15 20:20:20,880 - Default Properties File: org/apache/velocity/runtime/defaults/velocity.properties
2017-12-15 20:20:20,880 - Trying to use logger class org.dbflute.friends.velocity.DfFlutistLog4JLogSystem
2017-12-15 20:20:20,880 - Using logger class org.dbflute.friends.velocity.DfFlutistLog4JLogSystem
2017-12-15 20:20:20,882 - Default ResourceManager initializing. (class org.apache.velocity.runtime.resource.ResourceManagerImpl)
2017-12-15 20:20:20,885 - ResourceLoader instantiated: org.apache.velocity.runtime.resource.loader.FileResourceLoader
2017-12-15 20:20:20,886 - FileResourceLoader : initialization starting.
2017-12-15 20:20:20,887 - Do unicode file recognition:  false
2017-12-15 20:20:20,887 - FileResourceLoader : adding path '/Users/h-orito/ort/wolf/workspace/werewolf-mansion/mydbflute/dbflute-1.1.4/templates'
2017-12-15 20:20:20,887 - FileResourceLoader : initialization complete.
2017-12-15 20:20:20,902 - ResourceCache: initialized (class org.apache.velocity.runtime.resource.ResourceCacheImpl) with class java.util.Collections$SynchronizedMap cache map.
2017-12-15 20:20:20,902 - Default ResourceManager initialization complete.
2017-12-15 20:20:20,903 - Loaded System Directive: org.apache.velocity.runtime.directive.Stop
2017-12-15 20:20:20,906 - Loaded System Directive: org.apache.velocity.runtime.directive.Define
2017-12-15 20:20:20,906 - Loaded System Directive: org.apache.velocity.runtime.directive.Break
2017-12-15 20:20:20,907 - Loaded System Directive: org.apache.velocity.runtime.directive.Evaluate
2017-12-15 20:20:20,908 - Loaded System Directive: org.apache.velocity.runtime.directive.Literal
2017-12-15 20:20:20,909 - Loaded System Directive: org.apache.velocity.runtime.directive.Macro
2017-12-15 20:20:20,910 - Loaded System Directive: org.apache.velocity.runtime.directive.Parse
2017-12-15 20:20:20,912 - Loaded System Directive: org.apache.velocity.runtime.directive.Include
2017-12-15 20:20:20,913 - Loaded System Directive: org.apache.velocity.runtime.directive.Foreach
2017-12-15 20:20:20,956 - Created '20' parsers.
2017-12-15 20:20:20,964 - Velocimacro : initialization starting.
2017-12-15 20:20:20,964 - Velocimacro : "velocimacro.library" is not set.  Trying default library: VM_global_library.vm
2017-12-15 20:20:20,965 - Velocimacro : Default library not found.
2017-12-15 20:20:20,965 - Velocimacro : allowInline = true : VMs can be defined inline in templates
2017-12-15 20:20:20,965 - Velocimacro : allowInlineToOverride = false : VMs defined inline may NOT replace previous VM definitions
2017-12-15 20:20:20,965 - Velocimacro : allowInlineLocal = false : VMs defined inline will be global in scope if allowed.
2017-12-15 20:20:20,965 - Velocimacro : autoload off : VM system will not automatically reload global library macros
2017-12-15 20:20:20,965 - Velocimacro : Velocimacro : initialization complete.
2017-12-15 20:20:20,965 - RuntimeInstance successfully initialized.
2017-12-15 20:20:21,061 - ResourceManager : found om/ControlSql2EntityJava.vm with loader org.apache.velocity.runtime.resource.loader.FileResourceLoader
